2016-11-28 00:01:20,603 INFO  [org.wildfly.extension.undertow] (ServerService Thread Pool -- 83) WFLYUT0022: Unregistered web context: /api
2016-11-28 00:01:20,667 INFO  [org.jboss.as.jpa] (ServerService Thread Pool -- 89) WFLYJPA0011: Stopping Persistence Unit (phase 2 of 2) Service 'CRUD-back-1.0.war#ProdutosPU'
2016-11-28 00:01:20,682 INFO  [org.jboss.as.jpa] (ServerService Thread Pool -- 89) WFLYJPA0011: Stopping Persistence Unit (phase 1 of 2) Service 'CRUD-back-1.0.war#ProdutosPU'
2016-11-28 00:01:20,710 INFO  [org.jboss.as.clustering.infinispan] (ServerService Thread Pool -- 89) WFLYCLINF0003: Stopped client-mappings cache from ejb container
2016-11-28 00:01:20,711 INFO  [org.jboss.as.server.deployment] (MSC service thread 1-8) WFLYSRV0028: Stopped deployment CRUD-back-1.0.war (runtime-name: CRUD-back-1.0.war) in 115ms
2016-11-28 00:01:20,713 INFO  [org.jboss.as.server.deployment] (MSC service thread 1-8) WFLYSRV0027: Starting deployment of "CRUD-back-1.0.war" (runtime-name: "CRUD-back-1.0.war")
2016-11-28 00:01:20,811 INFO  [org.jboss.as.jpa] (MSC service thread 1-3) WFLYJPA0002: Read persistence.xml for ProdutosPU
2016-11-28 00:01:20,911 INFO  [org.jboss.as.jpa] (ServerService Thread Pool -- 89) WFLYJPA0010: Starting Persistence Unit (phase 1 of 2) Service 'CRUD-back-1.0.war#ProdutosPU'
2016-11-28 00:01:20,912 INFO  [org.hibernate.jpa.internal.util.LogHelper] (ServerService Thread Pool -- 89) HHH000204: Processing PersistenceUnitInfo [
	name: ProdutosPU
	...]
2016-11-28 00:01:20,953 INFO  [org.jboss.weld.deployer] (MSC service thread 1-4) WFLYWELD0003: Processing weld deployment CRUD-back-1.0.war
2016-11-28 00:01:21,054 INFO  [org.jboss.as.ejb3.deployment] (MSC service thread 1-4) WFLYEJB0473: JNDI bindings for session bean named 'ProdutoService' in deployment unit 'deployment "CRUD-back-1.0.war"' are as follows:

	java:global/CRUD-back-1.0/ProdutoService!produtos.ProdutoService
	java:app/CRUD-back-1.0/ProdutoService!produtos.ProdutoService
	java:module/ProdutoService!produtos.ProdutoService
	java:global/CRUD-back-1.0/ProdutoService
	java:app/CRUD-back-1.0/ProdutoService
	java:module/ProdutoService

2016-11-28 00:01:21,055 INFO  [org.jboss.as.ejb3.deployment] (MSC service thread 1-4) WFLYEJB0473: JNDI bindings for session bean named 'UsuarioService' in deployment unit 'deployment "CRUD-back-1.0.war"' are as follows:

	java:global/CRUD-back-1.0/UsuarioService!produtos.UsuarioService
	java:app/CRUD-back-1.0/UsuarioService!produtos.UsuarioService
	java:module/UsuarioService!produtos.UsuarioService
	java:global/CRUD-back-1.0/UsuarioService
	java:app/CRUD-back-1.0/UsuarioService
	java:module/UsuarioService

2016-11-28 00:01:21,256 INFO  [org.infinispan.configuration.cache.EvictionConfigurationBuilder] (ServerService Thread Pool -- 89) ISPN000152: Passivation configured without an eviction policy being selected. Only manually evicted entities will be passivated.
2016-11-28 00:01:21,257 INFO  [org.infinispan.configuration.cache.EvictionConfigurationBuilder] (ServerService Thread Pool -- 89) ISPN000152: Passivation configured without an eviction policy being selected. Only manually evicted entities will be passivated.
2016-11-28 00:01:21,310 INFO  [org.jboss.as.clustering.infinispan] (ServerService Thread Pool -- 89) WFLYCLINF0002: Started client-mappings cache from ejb container
2016-11-28 00:01:21,354 INFO  [org.jboss.as.jpa] (ServerService Thread Pool -- 89) WFLYJPA0010: Starting Persistence Unit (phase 2 of 2) Service 'CRUD-back-1.0.war#ProdutosPU'
2016-11-28 00:01:21,358 INFO  [org.hibernate.dialect.Dialect] (ServerService Thread Pool -- 89) HHH000400: Using dialect: org.hibernate.dialect.PostgreSQL94Dialect
2016-11-28 00:01:21,401 INFO  [org.hibernate.engine.jdbc.env.internal.LobCreatorBuilderImpl] (ServerService Thread Pool -- 89) HHH000424: Disabling contextual LOB creation as createClob() method threw error : java.lang.reflect.InvocationTargetException
2016-11-28 00:01:21,401 INFO  [org.hibernate.type.BasicTypeRegistry] (ServerService Thread Pool -- 89) HHH000270: Type registration [java.util.UUID] overrides previous : org.hibernate.type.UUIDBinaryType@56be8a42
2016-11-28 00:01:21,405 INFO  [org.hibernate.envers.boot.internal.EnversServiceImpl] (ServerService Thread Pool -- 89) Envers integration enabled? : true
2016-11-28 00:01:22,693 INFO  [org.jboss.resteasy.resteasy_jaxrs.i18n] (ServerService Thread Pool -- 87) RESTEASY002225: Deploying javax.ws.rs.core.Application: class config.ApplicationConfig
2016-11-28 00:01:22,694 INFO  [org.jboss.resteasy.resteasy_jaxrs.i18n] (ServerService Thread Pool -- 87) RESTEASY002200: Adding class resource produtos.ProdutoService from Application class config.ApplicationConfig
2016-11-28 00:01:22,695 INFO  [org.jboss.resteasy.resteasy_jaxrs.i18n] (ServerService Thread Pool -- 87) RESTEASY002200: Adding class resource produtos.UsuarioService from Application class config.ApplicationConfig
2016-11-28 00:01:22,696 INFO  [org.jboss.resteasy.resteasy_jaxrs.i18n] (ServerService Thread Pool -- 87) RESTEASY002205: Adding provider class config.CrossOriginFilter from Application class config.ApplicationConfig
2016-11-28 00:01:22,734 INFO  [org.wildfly.extension.undertow] (ServerService Thread Pool -- 87) WFLYUT0021: Registered web context: /api
2016-11-28 00:01:22,878 INFO  [org.jboss.as.server] (DeploymentScanner-threads - 2) WFLYSRV0016: Replaced deployment "CRUD-back-1.0.war" with deployment "CRUD-back-1.0.war"
2016-11-28 00:01:52,987 INFO  [org.wildfly.extension.undertow] (ServerService Thread Pool -- 90) WFLYUT0022: Unregistered web context: /api
2016-11-28 00:01:53,037 INFO  [org.jboss.as.jpa] (ServerService Thread Pool -- 96) WFLYJPA0011: Stopping Persistence Unit (phase 2 of 2) Service 'CRUD-back-1.0.war#ProdutosPU'
2016-11-28 00:01:53,040 INFO  [org.jboss.as.jpa] (ServerService Thread Pool -- 96) WFLYJPA0011: Stopping Persistence Unit (phase 1 of 2) Service 'CRUD-back-1.0.war#ProdutosPU'
2016-11-28 00:01:53,057 INFO  [org.jboss.as.server.deployment] (MSC service thread 1-7) WFLYSRV0028: Stopped deployment CRUD-back-1.0.war (runtime-name: CRUD-back-1.0.war) in 73ms
2016-11-28 00:01:53,058 INFO  [org.jboss.as.server.deployment] (MSC service thread 1-6) WFLYSRV0027: Starting deployment of "CRUD-back-1.0.war" (runtime-name: "CRUD-back-1.0.war")
2016-11-28 00:01:53,059 INFO  [org.jboss.as.clustering.infinispan] (ServerService Thread Pool -- 96) WFLYCLINF0003: Stopped client-mappings cache from ejb container
2016-11-28 00:01:53,117 INFO  [org.jboss.as.jpa] (MSC service thread 1-2) WFLYJPA0002: Read persistence.xml for ProdutosPU
2016-11-28 00:01:53,178 INFO  [org.jboss.as.jpa] (ServerService Thread Pool -- 96) WFLYJPA0010: Starting Persistence Unit (phase 1 of 2) Service 'CRUD-back-1.0.war#ProdutosPU'
2016-11-28 00:01:53,178 INFO  [org.hibernate.jpa.internal.util.LogHelper] (ServerService Thread Pool -- 96) HHH000204: Processing PersistenceUnitInfo [
	name: ProdutosPU
	...]
2016-11-28 00:01:53,196 INFO  [org.jboss.weld.deployer] (MSC service thread 1-1) WFLYWELD0003: Processing weld deployment CRUD-back-1.0.war
2016-11-28 00:01:53,249 INFO  [org.jboss.as.ejb3.deployment] (MSC service thread 1-1) WFLYEJB0473: JNDI bindings for session bean named 'ProdutoService' in deployment unit 'deployment "CRUD-back-1.0.war"' are as follows:

	java:global/CRUD-back-1.0/ProdutoService!produtos.ProdutoService
	java:app/CRUD-back-1.0/ProdutoService!produtos.ProdutoService
	java:module/ProdutoService!produtos.ProdutoService
	java:global/CRUD-back-1.0/ProdutoService
	java:app/CRUD-back-1.0/ProdutoService
	java:module/ProdutoService

2016-11-28 00:01:53,249 INFO  [org.jboss.as.ejb3.deployment] (MSC service thread 1-1) WFLYEJB0473: JNDI bindings for session bean named 'UsuarioService' in deployment unit 'deployment "CRUD-back-1.0.war"' are as follows:

	java:global/CRUD-back-1.0/UsuarioService!produtos.UsuarioService
	java:app/CRUD-back-1.0/UsuarioService!produtos.UsuarioService
	java:module/UsuarioService!produtos.UsuarioService
	java:global/CRUD-back-1.0/UsuarioService
	java:app/CRUD-back-1.0/UsuarioService
	java:module/UsuarioService

2016-11-28 00:01:53,408 INFO  [org.infinispan.configuration.cache.EvictionConfigurationBuilder] (ServerService Thread Pool -- 96) ISPN000152: Passivation configured without an eviction policy being selected. Only manually evicted entities will be passivated.
2016-11-28 00:01:53,409 INFO  [org.infinispan.configuration.cache.EvictionConfigurationBuilder] (ServerService Thread Pool -- 96) ISPN000152: Passivation configured without an eviction policy being selected. Only manually evicted entities will be passivated.
2016-11-28 00:01:53,416 INFO  [org.jboss.as.clustering.infinispan] (ServerService Thread Pool -- 96) WFLYCLINF0002: Started client-mappings cache from ejb container
2016-11-28 00:01:53,441 INFO  [org.jboss.as.jpa] (ServerService Thread Pool -- 96) WFLYJPA0010: Starting Persistence Unit (phase 2 of 2) Service 'CRUD-back-1.0.war#ProdutosPU'
2016-11-28 00:01:53,442 INFO  [org.hibernate.dialect.Dialect] (ServerService Thread Pool -- 96) HHH000400: Using dialect: org.hibernate.dialect.PostgreSQL94Dialect
2016-11-28 00:01:53,454 INFO  [org.hibernate.engine.jdbc.env.internal.LobCreatorBuilderImpl] (ServerService Thread Pool -- 96) HHH000424: Disabling contextual LOB creation as createClob() method threw error : java.lang.reflect.InvocationTargetException
2016-11-28 00:01:53,455 INFO  [org.hibernate.type.BasicTypeRegistry] (ServerService Thread Pool -- 96) HHH000270: Type registration [java.util.UUID] overrides previous : org.hibernate.type.UUIDBinaryType@56be8a42
2016-11-28 00:01:53,457 INFO  [org.hibernate.envers.boot.internal.EnversServiceImpl] (ServerService Thread Pool -- 96) Envers integration enabled? : true
2016-11-28 00:01:53,931 INFO  [org.jboss.resteasy.resteasy_jaxrs.i18n] (ServerService Thread Pool -- 91) RESTEASY002225: Deploying javax.ws.rs.core.Application: class config.ApplicationConfig
2016-11-28 00:01:53,931 INFO  [org.jboss.resteasy.resteasy_jaxrs.i18n] (ServerService Thread Pool -- 91) RESTEASY002200: Adding class resource produtos.ProdutoService from Application class config.ApplicationConfig
2016-11-28 00:01:53,931 INFO  [org.jboss.resteasy.resteasy_jaxrs.i18n] (ServerService Thread Pool -- 91) RESTEASY002205: Adding provider class config.CrossOriginFilter from Application class config.ApplicationConfig
2016-11-28 00:01:53,932 INFO  [org.jboss.resteasy.resteasy_jaxrs.i18n] (ServerService Thread Pool -- 91) RESTEASY002200: Adding class resource produtos.UsuarioService from Application class config.ApplicationConfig
2016-11-28 00:01:53,948 INFO  [org.wildfly.extension.undertow] (ServerService Thread Pool -- 91) WFLYUT0021: Registered web context: /api
2016-11-28 00:01:54,054 INFO  [org.jboss.as.server] (DeploymentScanner-threads - 2) WFLYSRV0016: Replaced deployment "CRUD-back-1.0.war" with deployment "CRUD-back-1.0.war"
2016-11-28 00:02:08,793 INFO  [org.hibernate.hql.internal.QueryTranslatorFactoryInitiator] (default task-13) HHH000397: Using ASTQueryTranslatorFactory
2016-11-28 01:13:40,493 INFO  [org.wildfly.extension.undertow] (ServerService Thread Pool -- 98) WFLYUT0022: Unregistered web context: /api
2016-11-28 01:13:40,781 INFO  [org.jboss.as.jpa] (ServerService Thread Pool -- 99) WFLYJPA0011: Stopping Persistence Unit (phase 2 of 2) Service 'CRUD-back-1.0.war#ProdutosPU'
2016-11-28 01:13:40,799 INFO  [org.jboss.as.jpa] (ServerService Thread Pool -- 99) WFLYJPA0011: Stopping Persistence Unit (phase 1 of 2) Service 'CRUD-back-1.0.war#ProdutosPU'
2016-11-28 01:13:40,895 INFO  [org.jboss.as.server.deployment] (MSC service thread 1-6) WFLYSRV0028: Stopped deployment CRUD-back-1.0.war (runtime-name: CRUD-back-1.0.war) in 445ms
2016-11-28 01:13:40,900 INFO  [org.jboss.as.server.deployment] (MSC service thread 1-4) WFLYSRV0027: Starting deployment of "CRUD-back-1.0.war" (runtime-name: "CRUD-back-1.0.war")
2016-11-28 01:13:40,918 INFO  [org.jboss.as.clustering.infinispan] (ServerService Thread Pool -- 99) WFLYCLINF0003: Stopped client-mappings cache from ejb container
2016-11-28 01:13:41,076 INFO  [org.jboss.as.jpa] (MSC service thread 1-2) WFLYJPA0002: Read persistence.xml for ProdutosPU
2016-11-28 01:13:41,248 INFO  [org.jboss.as.jpa] (ServerService Thread Pool -- 99) WFLYJPA0010: Starting Persistence Unit (phase 1 of 2) Service 'CRUD-back-1.0.war#ProdutosPU'
2016-11-28 01:13:41,249 INFO  [org.hibernate.jpa.internal.util.LogHelper] (ServerService Thread Pool -- 99) HHH000204: Processing PersistenceUnitInfo [
	name: ProdutosPU
	...]
2016-11-28 01:13:41,305 ERROR [org.jboss.msc.service.fail] (MSC service thread 1-6) MSC000001: Failed to start service jboss.deployment.unit."CRUD-back-1.0.war".POST_MODULE: org.jboss.msc.service.StartException in service jboss.deployment.unit."CRUD-back-1.0.war".POST_MODULE: WFLYSRV0153: Failed to process phase POST_MODULE of deployment "CRUD-back-1.0.war"
	at org.jboss.as.server.deployment.DeploymentUnitPhaseService.start(DeploymentUnitPhaseService.java:154)
	at org.jboss.msc.service.ServiceControllerImpl$StartTask.startService(ServiceControllerImpl.java:1948)
	at org.jboss.msc.service.ServiceControllerImpl$StartTask.run(ServiceControllerImpl.java:1881)
	at java.util.concurrent.ThreadPoolExecutor.runWorker(ThreadPoolExecutor.java:1142)
	at java.util.concurrent.ThreadPoolExecutor$Worker.run(ThreadPoolExecutor.java:617)
	at java.lang.Thread.run(Thread.java:745)
Caused by: java.lang.RuntimeException: WFLYSRV0177: Error getting reflective information for class produtos.ProdutoService with ClassLoader ModuleClassLoader for Module "deployment.CRUD-back-1.0.war:main" from Service Module Loader
	at org.jboss.as.server.deployment.reflect.DeploymentReflectionIndex.getClassIndex(DeploymentReflectionIndex.java:70)
	at org.jboss.as.ee.metadata.MethodAnnotationAggregator.runtimeAnnotationInformation(MethodAnnotationAggregator.java:57)
	at org.jboss.as.ee.component.deployers.InterceptorAnnotationProcessor.handleAnnotations(InterceptorAnnotationProcessor.java:106)
	at org.jboss.as.ee.component.deployers.InterceptorAnnotationProcessor.processComponentConfig(InterceptorAnnotationProcessor.java:91)
	at org.jboss.as.ee.component.deployers.InterceptorAnnotationProcessor.deploy(InterceptorAnnotationProcessor.java:76)
	at org.jboss.as.server.deployment.DeploymentUnitPhaseService.start(DeploymentUnitPhaseService.java:147)
	... 5 more
Caused by: java.lang.NoClassDefFoundError: Produto
	at java.lang.Class.getDeclaredMethods0(Native Method)
	at java.lang.Class.privateGetDeclaredMethods(Class.java:2701)
	at java.lang.Class.getDeclaredMethods(Class.java:1975)
	at org.jboss.as.server.deployment.reflect.ClassReflectionIndex.<init>(ClassReflectionIndex.java:80)
	at org.jboss.as.server.deployment.reflect.DeploymentReflectionIndex.getClassIndex(DeploymentReflectionIndex.java:66)
	... 10 more
Caused by: java.lang.ClassNotFoundException: Produto from [Module "deployment.CRUD-back-1.0.war:main" from Service Module Loader]
	at org.jboss.modules.ModuleClassLoader.findClass(ModuleClassLoader.java:198)
	at org.jboss.modules.ConcurrentClassLoader.performLoadClassUnchecked(ConcurrentClassLoader.java:363)
	at org.jboss.modules.ConcurrentClassLoader.performLoadClass(ConcurrentClassLoader.java:351)
	at org.jboss.modules.ConcurrentClassLoader.loadClass(ConcurrentClassLoader.java:93)
	... 15 more

2016-11-28 01:13:41,395 ERROR [org.jboss.as.controller.management-operation] (DeploymentScanner-threads - 1) WFLYCTL0013: Operation ("full-replace-deployment") failed - address: ([]) - failure description: {
    "WFLYCTL0080: Failed services" => {"jboss.deployment.unit.\"CRUD-back-1.0.war\".POST_MODULE" => "org.jboss.msc.service.StartException in service jboss.deployment.unit.\"CRUD-back-1.0.war\".POST_MODULE: WFLYSRV0153: Failed to process phase POST_MODULE of deployment \"CRUD-back-1.0.war\"
    Caused by: java.lang.RuntimeException: WFLYSRV0177: Error getting reflective information for class produtos.ProdutoService with ClassLoader ModuleClassLoader for Module \"deployment.CRUD-back-1.0.war:main\" from Service Module Loader
    Caused by: java.lang.NoClassDefFoundError: Produto
    Caused by: java.lang.ClassNotFoundException: Produto from [Module \"deployment.CRUD-back-1.0.war:main\" from Service Module Loader]"},
    "WFLYCTL0412: Required services that are not installed:" => ["jboss.deployment.unit.\"CRUD-back-1.0.war\".POST_MODULE"],
    "WFLYCTL0180: Services with missing/unavailable dependencies" => undefined
}
2016-11-28 01:13:41,507 INFO  [org.jboss.as.server] (DeploymentScanner-threads - 1) WFLYSRV0016: Replaced deployment "CRUD-back-1.0.war" with deployment "CRUD-back-1.0.war"
2016-11-28 01:13:41,508 INFO  [org.jboss.as.controller] (DeploymentScanner-threads - 1) WFLYCTL0183: Service status report
WFLYCTL0186:   Services which failed to start:      service jboss.deployment.unit."CRUD-back-1.0.war".POST_MODULE: org.jboss.msc.service.StartException in service jboss.deployment.unit."CRUD-back-1.0.war".POST_MODULE: WFLYSRV0153: Failed to process phase POST_MODULE of deployment "CRUD-back-1.0.war"

2016-11-28 01:13:43,776 INFO  [org.jboss.as.jpa] (ServerService Thread Pool -- 99) WFLYJPA0011: Stopping Persistence Unit (phase 1 of 2) Service 'CRUD-back-1.0.war#ProdutosPU'
2016-11-28 01:13:43,801 INFO  [org.jboss.as.server.deployment] (MSC service thread 1-3) WFLYSRV0028: Stopped deployment CRUD-back-1.0.war (runtime-name: CRUD-back-1.0.war) in 26ms
2016-11-28 01:13:43,924 WARN  [org.jboss.as.controller] (management-handler-thread - 21) WFLYCTL0357: Notification of type deployment-undeployed is not described for the resource at the address []
2016-11-28 01:13:43,927 INFO  [org.jboss.as.server] (management-handler-thread - 21) WFLYSRV0009: Undeployed "CRUD-back-1.0.war" (runtime-name: "CRUD-back-1.0.war")
2016-11-28 01:13:43,927 INFO  [org.jboss.as.controller] (management-handler-thread - 21) WFLYCTL0183: Service status report
WFLYCTL0186:   Services which failed to start:      service jboss.deployment.unit."CRUD-back-1.0.war".POST_MODULE

2016-11-28 01:13:46,543 INFO  [org.jboss.as.server.deployment.scanner] (DeploymentScanner-threads - 2) WFLYDS0004: Found CRUD-back-1.0.war in deployment directory. To trigger deployment create a file called CRUD-back-1.0.war.dodeploy
2016-11-28 01:13:46,562 INFO  [org.jboss.as.server.deployment] (MSC service thread 1-3) WFLYSRV0027: Starting deployment of "CRUD-back-1.0.war" (runtime-name: "CRUD-back-1.0.war")
2016-11-28 01:13:46,639 INFO  [org.jboss.as.jpa] (MSC service thread 1-8) WFLYJPA0002: Read persistence.xml for ProdutosPU
2016-11-28 01:13:46,722 INFO  [org.jboss.as.jpa] (ServerService Thread Pool -- 99) WFLYJPA0010: Starting Persistence Unit (phase 1 of 2) Service 'CRUD-back-1.0.war#ProdutosPU'
2016-11-28 01:13:46,722 INFO  [org.hibernate.jpa.internal.util.LogHelper] (ServerService Thread Pool -- 99) HHH000204: Processing PersistenceUnitInfo [
	name: ProdutosPU
	...]
2016-11-28 01:13:46,747 INFO  [org.jboss.weld.deployer] (MSC service thread 1-8) WFLYWELD0003: Processing weld deployment CRUD-back-1.0.war
2016-11-28 01:13:46,817 INFO  [org.jboss.as.ejb3.deployment] (MSC service thread 1-8) WFLYEJB0473: JNDI bindings for session bean named 'ProdutoService' in deployment unit 'deployment "CRUD-back-1.0.war"' are as follows:

	java:global/CRUD-back-1.0/ProdutoService!produtos.ProdutoService
	java:app/CRUD-back-1.0/ProdutoService!produtos.ProdutoService
	java:module/ProdutoService!produtos.ProdutoService
	java:global/CRUD-back-1.0/ProdutoService
	java:app/CRUD-back-1.0/ProdutoService
	java:module/ProdutoService

2016-11-28 01:13:46,817 INFO  [org.jboss.as.ejb3.deployment] (MSC service thread 1-8) WFLYEJB0473: JNDI bindings for session bean named 'UsuarioService' in deployment unit 'deployment "CRUD-back-1.0.war"' are as follows:

	java:global/CRUD-back-1.0/UsuarioService!produtos.UsuarioService
	java:app/CRUD-back-1.0/UsuarioService!produtos.UsuarioService
	java:module/UsuarioService!produtos.UsuarioService
	java:global/CRUD-back-1.0/UsuarioService
	java:app/CRUD-back-1.0/UsuarioService
	java:module/UsuarioService

2016-11-28 01:13:46,973 INFO  [org.infinispan.configuration.cache.EvictionConfigurationBuilder] (ServerService Thread Pool -- 99) ISPN000152: Passivation configured without an eviction policy being selected. Only manually evicted entities will be passivated.
2016-11-28 01:13:46,975 INFO  [org.infinispan.configuration.cache.EvictionConfigurationBuilder] (ServerService Thread Pool -- 99) ISPN000152: Passivation configured without an eviction policy being selected. Only manually evicted entities will be passivated.
2016-11-28 01:13:47,012 INFO  [org.jboss.as.clustering.infinispan] (ServerService Thread Pool -- 99) WFLYCLINF0002: Started client-mappings cache from ejb container
2016-11-28 01:13:47,037 INFO  [org.jboss.as.jpa] (ServerService Thread Pool -- 99) WFLYJPA0010: Starting Persistence Unit (phase 2 of 2) Service 'CRUD-back-1.0.war#ProdutosPU'
2016-11-28 01:13:47,041 INFO  [org.hibernate.dialect.Dialect] (ServerService Thread Pool -- 99) HHH000400: Using dialect: org.hibernate.dialect.PostgreSQL94Dialect
2016-11-28 01:13:47,090 INFO  [org.hibernate.engine.jdbc.env.internal.LobCreatorBuilderImpl] (ServerService Thread Pool -- 99) HHH000424: Disabling contextual LOB creation as createClob() method threw error : java.lang.reflect.InvocationTargetException
2016-11-28 01:13:47,091 INFO  [org.hibernate.type.BasicTypeRegistry] (ServerService Thread Pool -- 99) HHH000270: Type registration [java.util.UUID] overrides previous : org.hibernate.type.UUIDBinaryType@56be8a42
2016-11-28 01:13:47,096 INFO  [org.hibernate.envers.boot.internal.EnversServiceImpl] (ServerService Thread Pool -- 99) Envers integration enabled? : true
2016-11-28 01:13:48,287 INFO  [org.jboss.resteasy.resteasy_jaxrs.i18n] (ServerService Thread Pool -- 99) RESTEASY002225: Deploying javax.ws.rs.core.Application: class config.ApplicationConfig
2016-11-28 01:13:48,287 INFO  [org.jboss.resteasy.resteasy_jaxrs.i18n] (ServerService Thread Pool -- 99) RESTEASY002200: Adding class resource produtos.UsuarioService from Application class config.ApplicationConfig
2016-11-28 01:13:48,288 INFO  [org.jboss.resteasy.resteasy_jaxrs.i18n] (ServerService Thread Pool -- 99) RESTEASY002200: Adding class resource produtos.ProdutoService from Application class config.ApplicationConfig
2016-11-28 01:13:48,288 INFO  [org.jboss.resteasy.resteasy_jaxrs.i18n] (ServerService Thread Pool -- 99) RESTEASY002205: Adding provider class config.CrossOriginFilter from Application class config.ApplicationConfig
2016-11-28 01:13:48,339 INFO  [org.wildfly.extension.undertow] (ServerService Thread Pool -- 99) WFLYUT0021: Registered web context: /api
2016-11-28 01:13:48,454 INFO  [org.jboss.as.server] (DeploymentScanner-threads - 1) WFLYSRV0010: Deployed "CRUD-back-1.0.war" (runtime-name : "CRUD-back-1.0.war")
2016-11-28 01:13:53,521 INFO  [org.wildfly.extension.undertow] (ServerService Thread Pool -- 99) WFLYUT0022: Unregistered web context: /api
2016-11-28 01:13:53,591 INFO  [org.jboss.as.jpa] (ServerService Thread Pool -- 100) WFLYJPA0011: Stopping Persistence Unit (phase 2 of 2) Service 'CRUD-back-1.0.war#ProdutosPU'
2016-11-28 01:13:53,594 INFO  [org.jboss.as.jpa] (ServerService Thread Pool -- 100) WFLYJPA0011: Stopping Persistence Unit (phase 1 of 2) Service 'CRUD-back-1.0.war#ProdutosPU'
2016-11-28 01:13:53,608 INFO  [org.jboss.as.server.deployment] (MSC service thread 1-4) WFLYSRV0028: Stopped deployment CRUD-back-1.0.war (runtime-name: CRUD-back-1.0.war) in 88ms
2016-11-28 01:13:53,609 INFO  [org.jboss.as.server.deployment] (MSC service thread 1-6) WFLYSRV0027: Starting deployment of "CRUD-back-1.0.war" (runtime-name: "CRUD-back-1.0.war")
2016-11-28 01:13:53,610 INFO  [org.jboss.as.clustering.infinispan] (ServerService Thread Pool -- 100) WFLYCLINF0003: Stopped client-mappings cache from ejb container
2016-11-28 01:13:53,671 INFO  [org.jboss.as.jpa] (MSC service thread 1-4) WFLYJPA0002: Read persistence.xml for ProdutosPU
2016-11-28 01:13:53,812 INFO  [org.jboss.as.jpa] (ServerService Thread Pool -- 100) WFLYJPA0010: Starting Persistence Unit (phase 1 of 2) Service 'CRUD-back-1.0.war#ProdutosPU'
2016-11-28 01:13:53,812 INFO  [org.hibernate.jpa.internal.util.LogHelper] (ServerService Thread Pool -- 100) HHH000204: Processing PersistenceUnitInfo [
	name: ProdutosPU
	...]
2016-11-28 01:13:53,849 INFO  [org.jboss.weld.deployer] (MSC service thread 1-5) WFLYWELD0003: Processing weld deployment CRUD-back-1.0.war
2016-11-28 01:13:53,890 INFO  [org.jboss.as.ejb3.deployment] (MSC service thread 1-5) WFLYEJB0473: JNDI bindings for session bean named 'ProdutoService' in deployment unit 'deployment "CRUD-back-1.0.war"' are as follows:

	java:global/CRUD-back-1.0/ProdutoService!produtos.ProdutoService
	java:app/CRUD-back-1.0/ProdutoService!produtos.ProdutoService
	java:module/ProdutoService!produtos.ProdutoService
	java:global/CRUD-back-1.0/ProdutoService
	java:app/CRUD-back-1.0/ProdutoService
	java:module/ProdutoService

2016-11-28 01:13:53,890 INFO  [org.jboss.as.ejb3.deployment] (MSC service thread 1-5) WFLYEJB0473: JNDI bindings for session bean named 'UsuarioService' in deployment unit 'deployment "CRUD-back-1.0.war"' are as follows:

	java:global/CRUD-back-1.0/UsuarioService!produtos.UsuarioService
	java:app/CRUD-back-1.0/UsuarioService!produtos.UsuarioService
	java:module/UsuarioService!produtos.UsuarioService
	java:global/CRUD-back-1.0/UsuarioService
	java:app/CRUD-back-1.0/UsuarioService
	java:module/UsuarioService

2016-11-28 01:13:54,002 INFO  [org.infinispan.configuration.cache.EvictionConfigurationBuilder] (ServerService Thread Pool -- 100) ISPN000152: Passivation configured without an eviction policy being selected. Only manually evicted entities will be passivated.
2016-11-28 01:13:54,004 INFO  [org.infinispan.configuration.cache.EvictionConfigurationBuilder] (ServerService Thread Pool -- 100) ISPN000152: Passivation configured without an eviction policy being selected. Only manually evicted entities will be passivated.
2016-11-28 01:13:54,022 INFO  [org.jboss.as.clustering.infinispan] (ServerService Thread Pool -- 100) WFLYCLINF0002: Started client-mappings cache from ejb container
2016-11-28 01:13:54,044 INFO  [org.jboss.as.jpa] (ServerService Thread Pool -- 100) WFLYJPA0010: Starting Persistence Unit (phase 2 of 2) Service 'CRUD-back-1.0.war#ProdutosPU'
2016-11-28 01:13:54,045 INFO  [org.hibernate.dialect.Dialect] (ServerService Thread Pool -- 100) HHH000400: Using dialect: org.hibernate.dialect.PostgreSQL94Dialect
2016-11-28 01:13:54,059 INFO  [org.hibernate.engine.jdbc.env.internal.LobCreatorBuilderImpl] (ServerService Thread Pool -- 100) HHH000424: Disabling contextual LOB creation as createClob() method threw error : java.lang.reflect.InvocationTargetException
2016-11-28 01:13:54,060 INFO  [org.hibernate.type.BasicTypeRegistry] (ServerService Thread Pool -- 100) HHH000270: Type registration [java.util.UUID] overrides previous : org.hibernate.type.UUIDBinaryType@56be8a42
2016-11-28 01:13:54,061 INFO  [org.hibernate.envers.boot.internal.EnversServiceImpl] (ServerService Thread Pool -- 100) Envers integration enabled? : true
2016-11-28 01:13:54,541 INFO  [org.jboss.resteasy.resteasy_jaxrs.i18n] (ServerService Thread Pool -- 100) RESTEASY002225: Deploying javax.ws.rs.core.Application: class config.ApplicationConfig
2016-11-28 01:13:54,541 INFO  [org.jboss.resteasy.resteasy_jaxrs.i18n] (ServerService Thread Pool -- 100) RESTEASY002200: Adding class resource produtos.UsuarioService from Application class config.ApplicationConfig
2016-11-28 01:13:54,541 INFO  [org.jboss.resteasy.resteasy_jaxrs.i18n] (ServerService Thread Pool -- 100) RESTEASY002205: Adding provider class config.CrossOriginFilter from Application class config.ApplicationConfig
2016-11-28 01:13:54,554 INFO  [org.wildfly.extension.undertow] (ServerService Thread Pool -- 100) WFLYUT0021: Registered web context: /api
2016-11-28 01:13:54,619 ERROR [org.jboss.as.controller.management-operation] (DeploymentScanner-threads - 1) WFLYCTL0009: Failed to store configuration to standalone-full.xml: java.nio.file.AccessDeniedException: C:\Users\gabriel\Desktop\wildfly-10.1.0.Final\standalone\configuration\standalone-full.xml.tmp
	at sun.nio.fs.WindowsException.translateToIOException(WindowsException.java:83)
	at sun.nio.fs.WindowsException.rethrowAsIOException(WindowsException.java:97)
	at sun.nio.fs.WindowsException.rethrowAsIOException(WindowsException.java:102)
	at sun.nio.fs.WindowsFileSystemProvider.newByteChannel(WindowsFileSystemProvider.java:230)
	at java.nio.file.spi.FileSystemProvider.newOutputStream(FileSystemProvider.java:434)
	at java.nio.file.Files.newOutputStream(Files.java:216)
	at java.nio.file.Files.copy(Files.java:3016)
	at org.jboss.as.controller.persistence.FilePersistenceUtils.writeToTempFile(FilePersistenceUtils.java:104)
	at org.jboss.as.controller.persistence.ConfigurationFilePersistenceResource.doCommit(ConfigurationFilePersistenceResource.java:55)
	at org.jboss.as.controller.persistence.AbstractFilePersistenceResource.commit(AbstractFilePersistenceResource.java:58)
	at org.jboss.as.controller.ModelControllerImpl$4.commit(ModelControllerImpl.java:789)
	at org.jboss.as.controller.AbstractOperationContext.executeDoneStage(AbstractOperationContext.java:743)
	at org.jboss.as.controller.AbstractOperationContext.processStages(AbstractOperationContext.java:680)
	at org.jboss.as.controller.AbstractOperationContext.executeOperation(AbstractOperationContext.java:370)
	at org.jboss.as.controller.OperationContextImpl.executeOperation(OperationContextImpl.java:1329)
	at org.jboss.as.controller.ModelControllerImpl.internalExecute(ModelControllerImpl.java:400)
	at org.jboss.as.controller.ModelControllerImpl.execute(ModelControllerImpl.java:222)
	at org.jboss.as.controller.ModelControllerImpl$3$1$1.run(ModelControllerImpl.java:756)
	at org.jboss.as.controller.ModelControllerImpl$3$1$1.run(ModelControllerImpl.java:750)
	at java.security.AccessController.doPrivileged(Native Method)
	at org.jboss.as.controller.ModelControllerImpl$3$1.run(ModelControllerImpl.java:750)
	at java.util.concurrent.Executors$RunnableAdapter.call(Executors.java:511)
	at java.util.concurrent.FutureTask.run(FutureTask.java:266)
	at java.util.concurrent.ScheduledThreadPoolExecutor$ScheduledFutureTask.access$201(ScheduledThreadPoolExecutor.java:180)
	at java.util.concurrent.ScheduledThreadPoolExecutor$ScheduledFutureTask.run(ScheduledThreadPoolExecutor.java:293)
	at java.util.concurrent.ThreadPoolExecutor.runWorker(ThreadPoolExecutor.java:1142)
	at java.util.concurrent.ThreadPoolExecutor$Worker.run(ThreadPoolExecutor.java:617)
	at java.lang.Thread.run(Thread.java:745)
	at org.jboss.threads.JBossThread.run(JBossThread.java:320)

2016-11-28 01:13:54,622 INFO  [org.jboss.as.server] (DeploymentScanner-threads - 1) WFLYSRV0016: Replaced deployment "CRUD-back-1.0.war" with deployment "CRUD-back-1.0.war"
2016-11-28 01:14:11,205 INFO  [org.wildfly.extension.undertow] (ServerService Thread Pool -- 100) WFLYUT0022: Unregistered web context: /api
2016-11-28 01:14:11,231 INFO  [org.jboss.as.jpa] (ServerService Thread Pool -- 106) WFLYJPA0011: Stopping Persistence Unit (phase 2 of 2) Service 'CRUD-back-1.0.war#ProdutosPU'
2016-11-28 01:14:11,233 INFO  [org.jboss.as.jpa] (ServerService Thread Pool -- 106) WFLYJPA0011: Stopping Persistence Unit (phase 1 of 2) Service 'CRUD-back-1.0.war#ProdutosPU'
2016-11-28 01:14:11,246 INFO  [org.jboss.as.clustering.infinispan] (ServerService Thread Pool -- 106) WFLYCLINF0003: Stopped client-mappings cache from ejb container
2016-11-28 01:14:11,248 INFO  [org.jboss.as.server.deployment] (MSC service thread 1-2) WFLYSRV0028: Stopped deployment CRUD-back-1.0.war (runtime-name: CRUD-back-1.0.war) in 43ms
2016-11-28 01:14:11,324 WARN  [org.jboss.as.controller] (management-handler-thread - 20) WFLYCTL0357: Notification of type deployment-undeployed is not described for the resource at the address []
2016-11-28 01:14:11,325 INFO  [org.jboss.as.server] (management-handler-thread - 20) WFLYSRV0009: Undeployed "CRUD-back-1.0.war" (runtime-name: "CRUD-back-1.0.war")
2016-11-28 01:14:14,760 INFO  [org.jboss.as.server.deployment.scanner] (DeploymentScanner-threads - 2) WFLYDS0004: Found CRUD-back-1.0.war in deployment directory. To trigger deployment create a file called CRUD-back-1.0.war.dodeploy
2016-11-28 01:14:34,827 INFO  [org.jboss.as.server.deployment] (MSC service thread 1-2) WFLYSRV0027: Starting deployment of "CRUD-back-1.0.war" (runtime-name: "CRUD-back-1.0.war")
2016-11-28 01:14:34,945 INFO  [org.jboss.as.jpa] (MSC service thread 1-7) WFLYJPA0002: Read persistence.xml for ProdutosPU
2016-11-28 01:14:35,042 INFO  [org.jboss.as.jpa] (ServerService Thread Pool -- 108) WFLYJPA0010: Starting Persistence Unit (phase 1 of 2) Service 'CRUD-back-1.0.war#ProdutosPU'
2016-11-28 01:14:35,043 INFO  [org.hibernate.jpa.internal.util.LogHelper] (ServerService Thread Pool -- 108) HHH000204: Processing PersistenceUnitInfo [
	name: ProdutosPU
	...]
2016-11-28 01:14:35,078 INFO  [org.jboss.weld.deployer] (MSC service thread 1-4) WFLYWELD0003: Processing weld deployment CRUD-back-1.0.war
2016-11-28 01:14:35,208 INFO  [org.jboss.as.ejb3.deployment] (MSC service thread 1-4) WFLYEJB0473: JNDI bindings for session bean named 'UsuarioService' in deployment unit 'deployment "CRUD-back-1.0.war"' are as follows:

	java:global/CRUD-back-1.0/UsuarioService!produtos.UsuarioService
	java:app/CRUD-back-1.0/UsuarioService!produtos.UsuarioService
	java:module/UsuarioService!produtos.UsuarioService
	java:global/CRUD-back-1.0/UsuarioService
	java:app/CRUD-back-1.0/UsuarioService
	java:module/UsuarioService

2016-11-28 01:14:35,318 INFO  [org.infinispan.configuration.cache.EvictionConfigurationBuilder] (ServerService Thread Pool -- 108) ISPN000152: Passivation configured without an eviction policy being selected. Only manually evicted entities will be passivated.
2016-11-28 01:14:35,320 INFO  [org.infinispan.configuration.cache.EvictionConfigurationBuilder] (ServerService Thread Pool -- 108) ISPN000152: Passivation configured without an eviction policy being selected. Only manually evicted entities will be passivated.
2016-11-28 01:14:35,355 INFO  [org.jboss.as.clustering.infinispan] (ServerService Thread Pool -- 108) WFLYCLINF0002: Started client-mappings cache from ejb container
2016-11-28 01:14:35,372 INFO  [org.jboss.as.jpa] (ServerService Thread Pool -- 108) WFLYJPA0010: Starting Persistence Unit (phase 2 of 2) Service 'CRUD-back-1.0.war#ProdutosPU'
2016-11-28 01:14:35,374 INFO  [org.hibernate.dialect.Dialect] (ServerService Thread Pool -- 108) HHH000400: Using dialect: org.hibernate.dialect.PostgreSQL94Dialect
2016-11-28 01:14:35,392 INFO  [org.hibernate.engine.jdbc.env.internal.LobCreatorBuilderImpl] (ServerService Thread Pool -- 108) HHH000424: Disabling contextual LOB creation as createClob() method threw error : java.lang.reflect.InvocationTargetException
2016-11-28 01:14:35,393 INFO  [org.hibernate.type.BasicTypeRegistry] (ServerService Thread Pool -- 108) HHH000270: Type registration [java.util.UUID] overrides previous : org.hibernate.type.UUIDBinaryType@56be8a42
2016-11-28 01:14:35,395 INFO  [org.hibernate.envers.boot.internal.EnversServiceImpl] (ServerService Thread Pool -- 108) Envers integration enabled? : true
2016-11-28 01:14:36,406 INFO  [org.jboss.resteasy.resteasy_jaxrs.i18n] (ServerService Thread Pool -- 112) RESTEASY002225: Deploying javax.ws.rs.core.Application: class config.ApplicationConfig
2016-11-28 01:14:36,407 INFO  [org.jboss.resteasy.resteasy_jaxrs.i18n] (ServerService Thread Pool -- 112) RESTEASY002205: Adding provider class config.CrossOriginFilter from Application class config.ApplicationConfig
2016-11-28 01:14:36,407 INFO  [org.jboss.resteasy.resteasy_jaxrs.i18n] (ServerService Thread Pool -- 112) RESTEASY002200: Adding class resource produtos.UsuarioService from Application class config.ApplicationConfig
2016-11-28 01:14:36,424 INFO  [org.wildfly.extension.undertow] (ServerService Thread Pool -- 112) WFLYUT0021: Registered web context: /api
2016-11-28 01:14:36,627 INFO  [org.jboss.as.server] (DeploymentScanner-threads - 2) WFLYSRV0010: Deployed "CRUD-back-1.0.war" (runtime-name : "CRUD-back-1.0.war")
2016-11-28 01:14:44,820 INFO  [org.hibernate.hql.internal.QueryTranslatorFactoryInitiator] (default task-3) HHH000397: Using ASTQueryTranslatorFactory
2016-11-28 01:15:05,063 INFO  [org.jboss.as.protocol] (management task-6) WFLYPRT0057:  cancelled task by interrupting thread Thread[management-handler-thread - 22,5,management-handler-thread]
2016-11-28 09:14:39,225 INFO  [org.jboss.modules] (main) JBoss Modules version 1.5.2.Final
2016-11-28 09:14:39,701 INFO  [org.jboss.msc] (main) JBoss MSC version 1.2.6.Final
2016-11-28 09:14:39,851 INFO  [org.jboss.as] (MSC service thread 1-8) WFLYSRV0049: WildFly Full 10.1.0.Final (WildFly Core 2.2.0.Final) starting
2016-11-28 09:14:39,853 DEBUG [org.jboss.as.config] (MSC service thread 1-8) Configured system properties:
	awt.toolkit = sun.awt.windows.WToolkit
	file.encoding = Cp1252
	file.encoding.pkg = sun.io
	file.separator = \
	http.nonProxyHosts = localhost,127.0.0.1,note-mangilix
	java.awt.graphicsenv = sun.awt.Win32GraphicsEnvironment
	java.awt.headless = true
	java.awt.printerjob = sun.awt.windows.WPrinterJob
	java.class.path = C:\Users\gabriel\Desktop\wildfly-10.1.0.Final\jboss-modules.jar
	java.class.version = 52.0
	java.endorsed.dirs = C:\Program Files\Java\jdk1.8.0_101\jre\lib\endorsed
	java.ext.dirs = C:\Program Files\Java\jdk1.8.0_101\jre\lib\ext;C:\WINDOWS\Sun\Java\lib\ext
	java.home = C:\Program Files\Java\jdk1.8.0_101\jre
	java.io.tmpdir = C:\Users\gabriel\AppData\Local\Temp\
	java.library.path = C:\Program Files\Java\jdk1.8.0_101\bin;C:\WINDOWS\Sun\Java\bin;C:\WINDOWS\system32;C:\WINDOWS;C:\ProgramData\Oracle\Java\javapath;C:\Program Files (x86)\NVIDIA Corporation\PhysX\Common;C:\WINDOWS\system32;C:\WINDOWS;C:\WINDOWS\System32\Wbem;C:\WINDOWS\System32\WindowsPowerShell\v1.0\;C:\Program Files (x86)\Intel\OpenCL SDK\2.0\bin\x86;C:\Program Files (x86)\Intel\OpenCL SDK\2.0\bin\x64;C:\Program Files (x86)\Microsoft SQL Server\110\Tools\Binn\;C:\Program Files\Microsoft SQL Server\110\Tools\Binn\;C:\Program Files\Microsoft SQL Server\110\DTS\Binn\;C:\Program Files (x86)\Skype\Phone\;C:\Program Files (x86)\Windows Live\Shared;C:\Program Files (x86)\GnuWin32\bin;C:\MinGW\bin;C:\GnuWin32\bin;C:\Program Files\Git\cmd;C:\Program Files\TortoiseGit\bin;C:\Program Files\nodejs\;C:\Program Files (x86)\GnuWin32\bin;C:\MinGW\bin;C:\Users\gabriel\AppData\Local\Microsoft\WindowsApps;C:\Users\gabriel\AppData\Roaming\npm;.
	java.net.preferIPv4Stack = true
	java.runtime.name = Java(TM) SE Runtime Environment
	java.runtime.version = 1.8.0_101-b13
	java.specification.name = Java Platform API Specification
	java.specification.vendor = Oracle Corporation
	java.specification.version = 1.8
	java.util.logging.manager = org.jboss.logmanager.LogManager
	java.vendor = Oracle Corporation
	java.vendor.url = http://java.oracle.com/
	java.vendor.url.bug = http://bugreport.sun.com/bugreport/
	java.version = 1.8.0_101
	java.vm.info = mixed mode
	java.vm.name = Java HotSpot(TM) 64-Bit Server VM
	java.vm.specification.name = Java Virtual Machine Specification
	java.vm.specification.vendor = Oracle Corporation
	java.vm.specification.version = 1.8
	java.vm.vendor = Oracle Corporation
	java.vm.version = 25.101-b13
	javax.management.builder.initial = org.jboss.as.jmx.PluggableMBeanServerBuilder
	javax.xml.datatype.DatatypeFactory = __redirected.__DatatypeFactory
	javax.xml.parsers.DocumentBuilderFactory = __redirected.__DocumentBuilderFactory
	javax.xml.parsers.SAXParserFactory = __redirected.__SAXParserFactory
	javax.xml.stream.XMLEventFactory = __redirected.__XMLEventFactory
	javax.xml.stream.XMLInputFactory = __redirected.__XMLInputFactory
	javax.xml.stream.XMLOutputFactory = __redirected.__XMLOutputFactory
	javax.xml.transform.TransformerFactory = __redirected.__TransformerFactory
	javax.xml.validation.SchemaFactory:http://www.w3.org/2001/XMLSchema = __redirected.__SchemaFactory
	javax.xml.xpath.XPathFactory:http://java.sun.com/jaxp/xpath/dom = __redirected.__XPathFactory
	jboss.home.dir = C:\Users\gabriel\Desktop\wildfly-10.1.0.Final
	jboss.host.name = note-mangilix
	jboss.http.port = 8080
	jboss.management.http.port = 9990
	jboss.modules.dir = C:\Users\gabriel\Desktop\wildfly-10.1.0.Final\modules
	jboss.modules.system.pkgs = org.jboss.byteman
	jboss.node.name = note-mangilix
	jboss.qualified.host.name = note-mangilix
	jboss.server.base.dir = C:\Users\gabriel\Desktop\wildfly-10.1.0.Final\standalone
	jboss.server.config.dir = C:\Users\gabriel\Desktop\wildfly-10.1.0.Final\standalone\configuration
	jboss.server.data.dir = C:\Users\gabriel\Desktop\wildfly-10.1.0.Final\standalone\data
	jboss.server.deploy.dir = C:\Users\gabriel\Desktop\wildfly-10.1.0.Final\standalone\data\content
	jboss.server.log.dir = C:\Users\gabriel\Desktop\wildfly-10.1.0.Final\standalone\log
	jboss.server.name = note-mangilix
	jboss.server.persist.config = true
	jboss.server.temp.dir = C:\Users\gabriel\Desktop\wildfly-10.1.0.Final\standalone\tmp
	line.separator = 

	logging.configuration = file:C:\Users\gabriel\Desktop\wildfly-10.1.0.Final\standalone\configuration/logging.properties
	module.path = C:\Users\gabriel\Desktop\wildfly-10.1.0.Final\modules
	org.jboss.boot.log.file = C:\Users\gabriel\Desktop\wildfly-10.1.0.Final\standalone\log\server.log
	org.jboss.resolver.warning = true
	org.xml.sax.driver = __redirected.__XMLReaderFactory
	os.arch = amd64
	os.name = Windows 10
	os.version = 10.0
	path.separator = ;
	program.name = standalone.bat
	sun.arch.data.model = 64
	sun.boot.class.path = C:\Program Files\Java\jdk1.8.0_101\jre\lib\resources.jar;C:\Program Files\Java\jdk1.8.0_101\jre\lib\rt.jar;C:\Program Files\Java\jdk1.8.0_101\jre\lib\sunrsasign.jar;C:\Program Files\Java\jdk1.8.0_101\jre\lib\jsse.jar;C:\Program Files\Java\jdk1.8.0_101\jre\lib\jce.jar;C:\Program Files\Java\jdk1.8.0_101\jre\lib\charsets.jar;C:\Program Files\Java\jdk1.8.0_101\jre\lib\jfr.jar;C:\Program Files\Java\jdk1.8.0_101\jre\classes
	sun.boot.library.path = C:\Program Files\Java\jdk1.8.0_101\jre\bin
	sun.cpu.endian = little
	sun.cpu.isalist = amd64
	sun.desktop = windows
	sun.io.unicode.encoding = UnicodeLittle
	sun.java.command = C:\Users\gabriel\Desktop\wildfly-10.1.0.Final\jboss-modules.jar -mp C:\Users\gabriel\Desktop\wildfly-10.1.0.Final\modules org.jboss.as.standalone -Djboss.home.dir=C:\Users\gabriel\Desktop\wildfly-10.1.0.Final -c standalone-full.xml
	sun.java.launcher = SUN_STANDARD
	sun.jnu.encoding = Cp1252
	sun.management.compiler = HotSpot 64-Bit Tiered Compilers
	sun.os.patch.level = 
	user.country = BR
	user.dir = C:\Users\gabriel\Desktop\wildfly-10.1.0.Final\bin
	user.home = C:\Users\gabriel
	user.language = pt
	user.name = gabriel
	user.script = 
	user.timezone = America/Sao_Paulo
	user.variant = 
2016-11-28 09:14:39,855 DEBUG [org.jboss.as.config] (MSC service thread 1-8) VM Arguments: -Dprogram.name=standalone.bat -Xms128m -Xmx512m -Dhttp.nonProxyHosts=localhost,127.0.0.1,note-mangilix -Djava.net.preferIPv4Stack=true -Djboss.modules.system.pkgs=org.jboss.byteman -Djava.awt.headless=true -Djboss.management.http.port=9990 -Djboss.http.port=8080 -Dorg.jboss.boot.log.file=C:\Users\gabriel\Desktop\wildfly-10.1.0.Final\standalone\log\server.log -Dlogging.configuration=file:C:\Users\gabriel\Desktop\wildfly-10.1.0.Final\standalone\configuration/logging.properties 
2016-11-28 09:14:43,276 INFO  [org.jboss.as.server.deployment.scanner] (DeploymentScanner-threads - 1) WFLYDS0004: Found CRUD-back-1.0.war in deployment directory. To trigger deployment create a file called CRUD-back-1.0.war.dodeploy
2016-11-28 09:14:43,357 INFO  [org.jboss.as.server] (Controller Boot Thread) WFLYSRV0039: Creating http management service using socket-binding (management-http)
2016-11-28 09:14:43,427 INFO  [org.xnio] (MSC service thread 1-5) XNIO version 3.4.0.Final
2016-11-28 09:14:43,440 INFO  [org.xnio.nio] (MSC service thread 1-5) XNIO NIO Implementation Version 3.4.0.Final
2016-11-28 09:14:43,592 WARN  [org.jboss.as.txn] (ServerService Thread Pool -- 60) WFLYTX0013: Node identifier property is set to the default value. Please make sure it is unique.
2016-11-28 09:14:43,603 INFO  [org.jboss.as.naming] (ServerService Thread Pool -- 52) WFLYNAM0001: Activating Naming Subsystem
2016-11-28 09:14:43,628 INFO  [org.jboss.as.clustering.infinispan] (ServerService Thread Pool -- 41) WFLYCLINF0001: Activating Infinispan subsystem.
2016-11-28 09:14:43,857 INFO  [org.jboss.as.security] (ServerService Thread Pool -- 59) WFLYSEC0002: Activating Security Subsystem
2016-11-28 09:14:43,907 INFO  [org.jboss.as.webservices] (ServerService Thread Pool -- 62) WFLYWS0002: Activating WebServices Extension
2016-11-28 09:14:44,106 INFO  [org.jboss.as.security] (MSC service thread 1-3) WFLYSEC0001: Current PicketBox version=4.9.6.Final
2016-11-28 09:14:44,116 INFO  [org.jboss.as.jsf] (ServerService Thread Pool -- 48) WFLYJSF0007: Activated the following JSF Implementations: [main]
2016-11-28 09:14:44,176 INFO  [org.wildfly.iiop.openjdk] (ServerService Thread Pool -- 42) WFLYIIOP0001: Activating IIOP Subsystem
2016-11-28 09:14:44,274 INFO  [org.wildfly.extension.io] (ServerService Thread Pool -- 40) WFLYIO001: Worker 'default' has auto-configured to 8 core threads with 64 task threads based on your 4 available processors
2016-11-28 09:14:44,284 INFO  [org.wildfly.extension.undertow] (MSC service thread 1-8) WFLYUT0003: Undertow 1.4.0.Final starting
2016-11-28 09:14:44,350 INFO  [org.jboss.as.connector] (MSC service thread 1-8) WFLYJCA0009: Starting JCA Subsystem (WildFly/IronJacamar 1.3.4.Final)
2016-11-28 09:14:44,380 INFO  [org.jboss.as.connector.subsystems.datasources] (ServerService Thread Pool -- 36) WFLYJCA0004: Deploying JDBC-compliant driver class org.h2.Driver (version 1.3)
2016-11-28 09:14:44,473 INFO  [org.jboss.as.connector.deployers.jdbc] (MSC service thread 1-7) WFLYJCA0018: Started Driver service with driver-name = h2
2016-11-28 09:14:44,535 INFO  [org.jboss.as.mail.extension] (MSC service thread 1-8) WFLYMAIL0001: Bound mail session [java:jboss/mail/Default]
2016-11-28 09:14:44,547 INFO  [org.jboss.as.naming] (MSC service thread 1-6) WFLYNAM0003: Starting Naming Service
2016-11-28 09:14:44,558 INFO  [org.jboss.as.connector.subsystems.datasources] (ServerService Thread Pool -- 36) WFLYJCA0005: Deploying non-JDBC-compliant driver class org.postgresql.Driver (version 9.3)
2016-11-28 09:14:44,560 INFO  [org.jboss.as.connector.deployers.jdbc] (MSC service thread 1-7) WFLYJCA0018: Started Driver service with driver-name = postgresql
2016-11-28 09:14:44,954 INFO  [org.wildfly.extension.undertow] (ServerService Thread Pool -- 61) WFLYUT0014: Creating file handler for path 'C:\Users\gabriel\Desktop\wildfly-10.1.0.Final/welcome-content' with options [directory-listing: 'false', follow-symlink: 'false', case-sensitive: 'true', safe-symlink-paths: '[]']
2016-11-28 09:14:45,040 INFO  [org.jboss.as.ejb3] (MSC service thread 1-3) WFLYEJB0481: Strict pool slsb-strict-max-pool is using a max instance size of 64 (per class), which is derived from thread worker pool sizing.
2016-11-28 09:14:45,044 INFO  [org.jboss.as.ejb3] (MSC service thread 1-8) WFLYEJB0482: Strict pool mdb-strict-max-pool is using a max instance size of 16 (per class), which is derived from the number of CPUs on this host.
2016-11-28 09:14:46,574 INFO  [org.jboss.remoting] (MSC service thread 1-5) JBoss Remoting version 4.0.21.Final
2016-11-28 09:14:46,610 INFO  [org.wildfly.extension.undertow] (MSC service thread 1-8) WFLYUT0012: Started server default-server.
2016-11-28 09:14:46,615 INFO  [org.wildfly.extension.undertow] (MSC service thread 1-1) WFLYUT0018: Host default-host starting
2016-11-28 09:14:46,934 INFO  [org.wildfly.extension.undertow] (MSC service thread 1-1) WFLYUT0006: Undertow HTTP listener default listening on 127.0.0.1:8080
2016-11-28 09:14:46,942 WARN  [org.jboss.as.domain.management.security] (MSC service thread 1-2) WFLYDM0111: Keystore C:\Users\gabriel\Desktop\wildfly-10.1.0.Final\standalone\configuration\application.keystore not found, it will be auto generated on first use with a self signed certificate for host localhost
2016-11-28 09:14:47,005 INFO  [org.jboss.as.server.deployment] (MSC service thread 1-2) WFLYSRV0027: Starting deployment of "CRUD-back-1.0.war" (runtime-name: "CRUD-back-1.0.war")
2016-11-28 09:14:47,024 INFO  [org.jboss.as.server.deployment.scanner] (MSC service thread 1-6) WFLYDS0013: Started FileSystemDeploymentService for directory C:\Users\gabriel\Desktop\wildfly-10.1.0.Final\standalone\deployments
2016-11-28 09:14:47,041 INFO  [org.wildfly.extension.messaging-activemq] (MSC service thread 1-5) WFLYMSGAMQ0001: AIO wasn't located on this platform, it will fall back to using pure Java NIO.
2016-11-28 09:14:47,477 INFO  [org.apache.activemq.artemis.core.server] (ServerService Thread Pool -- 64) AMQ221000: live Message Broker is starting with configuration Broker Configuration (clustered=false,journalDirectory=C:\Users\gabriel\Desktop\wildfly-10.1.0.Final\standalone\data\activemq\journal,bindingsDirectory=C:\Users\gabriel\Desktop\wildfly-10.1.0.Final\standalone\data\activemq\bindings,largeMessagesDirectory=C:\Users\gabriel\Desktop\wildfly-10.1.0.Final\standalone\data\activemq\largemessages,pagingDirectory=C:\Users\gabriel\Desktop\wildfly-10.1.0.Final\standalone\data\activemq\paging)
2016-11-28 09:14:47,973 INFO  [org.infinispan.factories.GlobalComponentRegistry] (MSC service thread 1-6) ISPN000128: Infinispan version: Infinispan 'Chakra' 8.2.4.Final
2016-11-28 09:14:47,982 INFO  [org.apache.activemq.artemis.core.server] (ServerService Thread Pool -- 64) AMQ221013: Using NIO Journal
2016-11-28 09:14:48,004 INFO  [org.wildfly.iiop.openjdk] (MSC service thread 1-7) WFLYIIOP0009: CORBA ORB Service started
2016-11-28 09:14:48,117 INFO  [org.jboss.as.connector.subsystems.datasources] (MSC service thread 1-5) WFLYJCA0001: Bound data source [java:jboss/CrudDS]
2016-11-28 09:14:48,121 INFO  [org.infinispan.configuration.cache.EvictionConfigurationBuilder] (ServerService Thread Pool -- 69) ISPN000152: Passivation configured without an eviction policy being selected. Only manually evicted entities will be passivated.
2016-11-28 09:14:48,122 INFO  [org.infinispan.configuration.cache.EvictionConfigurationBuilder] (ServerService Thread Pool -- 69) ISPN000152: Passivation configured without an eviction policy being selected. Only manually evicted entities will be passivated.
2016-11-28 09:14:48,120 INFO  [org.infinispan.configuration.cache.EvictionConfigurationBuilder] (ServerService Thread Pool -- 70) ISPN000152: Passivation configured without an eviction policy being selected. Only manually evicted entities will be passivated.
2016-11-28 09:14:48,125 INFO  [org.infinispan.configuration.cache.EvictionConfigurationBuilder] (ServerService Thread Pool -- 72) ISPN000152: Passivation configured without an eviction policy being selected. Only manually evicted entities will be passivated.
2016-11-28 09:14:48,128 INFO  [org.jboss.as.connector.subsystems.datasources] (MSC service thread 1-5) WFLYJCA0001: Bound data source [java:jboss/datasources/ExampleDS]
2016-11-28 09:14:48,129 INFO  [org.infinispan.configuration.cache.EvictionConfigurationBuilder] (ServerService Thread Pool -- 72) ISPN000152: Passivation configured without an eviction policy being selected. Only manually evicted entities will be passivated.
2016-11-28 09:14:48,130 INFO  [org.infinispan.configuration.cache.EvictionConfigurationBuilder] (ServerService Thread Pool -- 70) ISPN000152: Passivation configured without an eviction policy being selected. Only manually evicted entities will be passivated.
2016-11-28 09:14:48,429 INFO  [org.wildfly.extension.undertow] (MSC service thread 1-1) WFLYUT0006: Undertow HTTPS listener https listening on 127.0.0.1:8443
2016-11-28 09:14:48,742 INFO  [org.apache.activemq.artemis.core.server] (ServerService Thread Pool -- 64) AMQ221043: Protocol module found: [artemis-server]. Adding protocol support for: CORE
2016-11-28 09:14:48,764 INFO  [org.apache.activemq.artemis.core.server] (ServerService Thread Pool -- 64) AMQ221043: Protocol module found: [artemis-amqp-protocol]. Adding protocol support for: AMQP
2016-11-28 09:14:48,798 INFO  [org.apache.activemq.artemis.core.server] (ServerService Thread Pool -- 64) AMQ221043: Protocol module found: [artemis-hornetq-protocol]. Adding protocol support for: HORNETQ
2016-11-28 09:14:48,803 INFO  [org.apache.activemq.artemis.core.server] (ServerService Thread Pool -- 64) AMQ221043: Protocol module found: [artemis-stomp-protocol]. Adding protocol support for: STOMP
2016-11-28 09:14:49,006 INFO  [org.jboss.ws.common.management] (MSC service thread 1-1) JBWS022052: Starting JBossWS 5.1.5.Final (Apache CXF 3.1.6) 
2016-11-28 09:14:49,421 INFO  [org.jboss.as.jpa] (MSC service thread 1-1) WFLYJPA0002: Read persistence.xml for ProdutosPU
2016-11-28 09:14:49,508 INFO  [org.wildfly.extension.messaging-activemq] (MSC service thread 1-4) WFLYMSGAMQ0016: Registered HTTP upgrade for activemq-remoting protocol handled by http-acceptor acceptor
2016-11-28 09:14:49,508 INFO  [org.wildfly.extension.messaging-activemq] (MSC service thread 1-2) WFLYMSGAMQ0016: Registered HTTP upgrade for activemq-remoting protocol handled by http-acceptor acceptor
2016-11-28 09:14:49,509 INFO  [org.wildfly.extension.messaging-activemq] (MSC service thread 1-3) WFLYMSGAMQ0016: Registered HTTP upgrade for activemq-remoting protocol handled by http-acceptor-throughput acceptor
2016-11-28 09:14:49,508 INFO  [org.wildfly.extension.messaging-activemq] (MSC service thread 1-6) WFLYMSGAMQ0016: Registered HTTP upgrade for activemq-remoting protocol handled by http-acceptor-throughput acceptor
2016-11-28 09:14:49,837 INFO  [org.jboss.as.jpa] (ServerService Thread Pool -- 70) WFLYJPA0010: Starting Persistence Unit (phase 1 of 2) Service 'CRUD-back-1.0.war#ProdutosPU'
2016-11-28 09:14:49,855 INFO  [org.apache.activemq.artemis.core.server] (ServerService Thread Pool -- 64) AMQ221007: Server is now live
2016-11-28 09:14:49,855 INFO  [org.apache.activemq.artemis.core.server] (ServerService Thread Pool -- 64) AMQ221001: Apache ActiveMQ Artemis Message Broker version 1.1.0.wildfly-017 [nodeID=3cf04bfc-b382-11e6-b4ba-d56dc0324874] 
2016-11-28 09:14:49,953 INFO  [org.hibernate.jpa.internal.util.LogHelper] (ServerService Thread Pool -- 70) HHH000204: Processing PersistenceUnitInfo [
	name: ProdutosPU
	...]
2016-11-28 09:14:50,074 INFO  [org.wildfly.extension.messaging-activemq] (ServerService Thread Pool -- 64) WFLYMSGAMQ0002: Bound messaging object to jndi name java:jboss/exported/jms/RemoteConnectionFactory
2016-11-28 09:14:50,259 INFO  [org.apache.activemq.artemis.core.server] (ServerService Thread Pool -- 69) AMQ221003: trying to deploy queue jms.queue.DLQ
2016-11-28 09:14:50,282 INFO  [org.apache.activemq.artemis.core.server] (ServerService Thread Pool -- 71) AMQ221003: trying to deploy queue jms.queue.ExpiryQueue
2016-11-28 09:14:50,290 INFO  [org.wildfly.extension.messaging-activemq] (ServerService Thread Pool -- 72) WFLYMSGAMQ0002: Bound messaging object to jndi name java:/ConnectionFactory
2016-11-28 09:14:50,315 INFO  [org.jboss.weld.deployer] (MSC service thread 1-1) WFLYWELD0003: Processing weld deployment CRUD-back-1.0.war
2016-11-28 09:14:50,399 INFO  [org.jboss.as.connector.deployment] (MSC service thread 1-2) WFLYJCA0007: Registered connection factory java:/JmsXA
2016-11-28 09:14:50,495 INFO  [org.hibernate.Version] (ServerService Thread Pool -- 70) HHH000412: Hibernate Core {5.0.10.Final}
2016-11-28 09:14:50,497 INFO  [org.hibernate.cfg.Environment] (ServerService Thread Pool -- 70) HHH000206: hibernate.properties not found
2016-11-28 09:14:50,499 INFO  [org.hibernate.cfg.Environment] (ServerService Thread Pool -- 70) HHH000021: Bytecode provider name : javassist
2016-11-28 09:14:50,515 INFO  [org.apache.activemq.artemis.ra] (MSC service thread 1-2) Resource adaptor started
2016-11-28 09:14:50,516 INFO  [org.jboss.as.connector.services.resourceadapters.ResourceAdapterActivatorService$ResourceAdapterActivator] (MSC service thread 1-2) IJ020002: Deployed: file://RaActivatoractivemq-ra
2016-11-28 09:14:50,518 INFO  [org.jboss.as.connector.deployment] (MSC service thread 1-2) WFLYJCA0002: Bound JCA ConnectionFactory [java:/JmsXA]
2016-11-28 09:14:50,518 INFO  [org.wildfly.extension.messaging-activemq] (MSC service thread 1-2) WFLYMSGAMQ0002: Bound messaging object to jndi name java:jboss/DefaultJMSConnectionFactory
2016-11-28 09:14:50,548 INFO  [org.hibernate.validator.internal.util.Version] (MSC service thread 1-1) HV000001: Hibernate Validator 5.2.4.Final
2016-11-28 09:14:50,576 INFO  [org.hibernate.annotations.common.Version] (ServerService Thread Pool -- 70) HCANN000001: Hibernate Commons Annotations {5.0.1.Final}
2016-11-28 09:14:50,705 INFO  [org.jboss.as.ejb3.deployment] (MSC service thread 1-1) WFLYEJB0473: JNDI bindings for session bean named 'UsuarioService' in deployment unit 'deployment "CRUD-back-1.0.war"' are as follows:

	java:global/CRUD-back-1.0/UsuarioService!produtos.UsuarioService
	java:app/CRUD-back-1.0/UsuarioService!produtos.UsuarioService
	java:module/UsuarioService!produtos.UsuarioService
	java:global/CRUD-back-1.0/UsuarioService
	java:app/CRUD-back-1.0/UsuarioService
	java:module/UsuarioService

2016-11-28 09:14:51,159 INFO  [org.infinispan.configuration.cache.EvictionConfigurationBuilder] (ServerService Thread Pool -- 70) ISPN000152: Passivation configured without an eviction policy being selected. Only manually evicted entities will be passivated.
2016-11-28 09:14:51,160 INFO  [org.infinispan.configuration.cache.EvictionConfigurationBuilder] (ServerService Thread Pool -- 70) ISPN000152: Passivation configured without an eviction policy being selected. Only manually evicted entities will be passivated.
2016-11-28 09:14:51,304 INFO  [org.jboss.weld.Version] (MSC service thread 1-6) WELD-000900: 2.3.5 (Final)
2016-11-28 09:14:51,830 INFO  [org.jboss.as.jpa] (ServerService Thread Pool -- 72) WFLYJPA0010: Starting Persistence Unit (phase 2 of 2) Service 'CRUD-back-1.0.war#ProdutosPU'
2016-11-28 09:14:51,927 INFO  [org.jboss.as.clustering.infinispan] (ServerService Thread Pool -- 70) WFLYCLINF0002: Started client-mappings cache from ejb container
2016-11-28 09:14:52,396 WARN  [org.jboss.jca.core.connectionmanager.pool.strategy.OnePool] (ServerService Thread Pool -- 72) IJ000407: No lazy enlistment available for CrudDSPOOL
2016-11-28 09:14:52,429 INFO  [org.hibernate.dialect.Dialect] (ServerService Thread Pool -- 72) HHH000400: Using dialect: org.hibernate.dialect.PostgreSQL94Dialect
2016-11-28 09:14:52,845 INFO  [org.hibernate.engine.jdbc.env.internal.LobCreatorBuilderImpl] (ServerService Thread Pool -- 72) HHH000424: Disabling contextual LOB creation as createClob() method threw error : java.lang.reflect.InvocationTargetException
2016-11-28 09:14:52,849 INFO  [org.hibernate.type.BasicTypeRegistry] (ServerService Thread Pool -- 72) HHH000270: Type registration [java.util.UUID] overrides previous : org.hibernate.type.UUIDBinaryType@755bb4a6
2016-11-28 09:14:52,861 INFO  [org.hibernate.envers.boot.internal.EnversServiceImpl] (ServerService Thread Pool -- 72) Envers integration enabled? : true
2016-11-28 09:14:56,397 INFO  [org.jboss.resteasy.resteasy_jaxrs.i18n] (ServerService Thread Pool -- 70) RESTEASY002225: Deploying javax.ws.rs.core.Application: class config.ApplicationConfig
2016-11-28 09:14:56,398 INFO  [org.jboss.resteasy.resteasy_jaxrs.i18n] (ServerService Thread Pool -- 70) RESTEASY002200: Adding class resource produtos.UsuarioService from Application class config.ApplicationConfig
2016-11-28 09:14:56,398 INFO  [org.jboss.resteasy.resteasy_jaxrs.i18n] (ServerService Thread Pool -- 70) RESTEASY002205: Adding provider class config.CrossOriginFilter from Application class config.ApplicationConfig
2016-11-28 09:14:56,478 INFO  [org.wildfly.extension.undertow] (ServerService Thread Pool -- 70) WFLYUT0021: Registered web context: /api
2016-11-28 09:14:56,531 INFO  [org.jboss.as.server] (ServerService Thread Pool -- 37) WFLYSRV0010: Deployed "CRUD-back-1.0.war" (runtime-name : "CRUD-back-1.0.war")
2016-11-28 09:14:57,071 INFO  [org.jboss.as] (Controller Boot Thread) WFLYSRV0060: Http management interface listening on http://127.0.0.1:9990/management
2016-11-28 09:14:57,072 INFO  [org.jboss.as] (Controller Boot Thread) WFLYSRV0051: Admin console listening on http://127.0.0.1:9990
2016-11-28 09:14:57,072 INFO  [org.jboss.as] (Controller Boot Thread) WFLYSRV0025: WildFly Full 10.1.0.Final (WildFly Core 2.2.0.Final) started in 18450ms - Started 507 of 742 services (420 services are lazy, passive or on-demand)
2016-11-28 09:15:01,693 INFO  [org.wildfly.extension.undertow] (ServerService Thread Pool -- 28) WFLYUT0022: Unregistered web context: /api
2016-11-28 09:15:01,772 INFO  [org.jboss.as.jpa] (ServerService Thread Pool -- 32) WFLYJPA0011: Stopping Persistence Unit (phase 2 of 2) Service 'CRUD-back-1.0.war#ProdutosPU'
2016-11-28 09:15:01,787 INFO  [org.jboss.as.jpa] (ServerService Thread Pool -- 32) WFLYJPA0011: Stopping Persistence Unit (phase 1 of 2) Service 'CRUD-back-1.0.war#ProdutosPU'
2016-11-28 09:15:01,834 INFO  [org.jboss.as.clustering.infinispan] (ServerService Thread Pool -- 32) WFLYCLINF0003: Stopped client-mappings cache from ejb container
2016-11-28 09:15:01,901 INFO  [org.jboss.as.server.deployment] (MSC service thread 1-5) WFLYSRV0028: Stopped deployment CRUD-back-1.0.war (runtime-name: CRUD-back-1.0.war) in 219ms
2016-11-28 09:15:02,113 WARN  [org.jboss.as.controller] (management-handler-thread - 1) WFLYCTL0357: Notification of type deployment-undeployed is not described for the resource at the address []
2016-11-28 09:15:02,116 INFO  [org.jboss.as.server] (management-handler-thread - 1) WFLYSRV0009: Undeployed "CRUD-back-1.0.war" (runtime-name: "CRUD-back-1.0.war")
2016-11-28 09:15:06,850 INFO  [org.jboss.as.server.deployment.scanner] (DeploymentScanner-threads - 2) WFLYDS0004: Found CRUD-back-1.0.war in deployment directory. To trigger deployment create a file called CRUD-back-1.0.war.dodeploy
2016-11-28 09:15:06,868 INFO  [org.jboss.as.server.deployment] (MSC service thread 1-7) WFLYSRV0027: Starting deployment of "CRUD-back-1.0.war" (runtime-name: "CRUD-back-1.0.war")
2016-11-28 09:15:06,933 INFO  [org.jboss.as.jpa] (MSC service thread 1-1) WFLYJPA0002: Read persistence.xml for ProdutosPU
2016-11-28 09:15:07,029 INFO  [org.jboss.as.jpa] (ServerService Thread Pool -- 32) WFLYJPA0010: Starting Persistence Unit (phase 1 of 2) Service 'CRUD-back-1.0.war#ProdutosPU'
2016-11-28 09:15:07,030 INFO  [org.hibernate.jpa.internal.util.LogHelper] (ServerService Thread Pool -- 32) HHH000204: Processing PersistenceUnitInfo [
	name: ProdutosPU
	...]
2016-11-28 09:15:07,066 INFO  [org.jboss.weld.deployer] (MSC service thread 1-1) WFLYWELD0003: Processing weld deployment CRUD-back-1.0.war
2016-11-28 09:15:07,188 INFO  [org.jboss.as.ejb3.deployment] (MSC service thread 1-1) WFLYEJB0473: JNDI bindings for session bean named 'UsuarioService' in deployment unit 'deployment "CRUD-back-1.0.war"' are as follows:

	java:global/CRUD-back-1.0/UsuarioService!produtos.UsuarioService
	java:app/CRUD-back-1.0/UsuarioService!produtos.UsuarioService
	java:module/UsuarioService!produtos.UsuarioService
	java:global/CRUD-back-1.0/UsuarioService
	java:app/CRUD-back-1.0/UsuarioService
	java:module/UsuarioService

2016-11-28 09:15:07,353 INFO  [org.infinispan.configuration.cache.EvictionConfigurationBuilder] (ServerService Thread Pool -- 32) ISPN000152: Passivation configured without an eviction policy being selected. Only manually evicted entities will be passivated.
2016-11-28 09:15:07,354 INFO  [org.infinispan.configuration.cache.EvictionConfigurationBuilder] (ServerService Thread Pool -- 32) ISPN000152: Passivation configured without an eviction policy being selected. Only manually evicted entities will be passivated.
2016-11-28 09:15:07,370 INFO  [org.jboss.as.clustering.infinispan] (ServerService Thread Pool -- 32) WFLYCLINF0002: Started client-mappings cache from ejb container
2016-11-28 09:15:07,393 INFO  [org.jboss.as.jpa] (ServerService Thread Pool -- 32) WFLYJPA0010: Starting Persistence Unit (phase 2 of 2) Service 'CRUD-back-1.0.war#ProdutosPU'
2016-11-28 09:15:07,397 INFO  [org.hibernate.dialect.Dialect] (ServerService Thread Pool -- 32) HHH000400: Using dialect: org.hibernate.dialect.PostgreSQL94Dialect
2016-11-28 09:15:07,415 INFO  [org.hibernate.engine.jdbc.env.internal.LobCreatorBuilderImpl] (ServerService Thread Pool -- 32) HHH000424: Disabling contextual LOB creation as createClob() method threw error : java.lang.reflect.InvocationTargetException
2016-11-28 09:15:07,415 INFO  [org.hibernate.type.BasicTypeRegistry] (ServerService Thread Pool -- 32) HHH000270: Type registration [java.util.UUID] overrides previous : org.hibernate.type.UUIDBinaryType@755bb4a6
2016-11-28 09:15:07,418 INFO  [org.hibernate.envers.boot.internal.EnversServiceImpl] (ServerService Thread Pool -- 32) Envers integration enabled? : true
2016-11-28 09:15:08,012 INFO  [org.jboss.resteasy.resteasy_jaxrs.i18n] (ServerService Thread Pool -- 26) RESTEASY002225: Deploying javax.ws.rs.core.Application: class config.ApplicationConfig
2016-11-28 09:15:08,012 INFO  [org.jboss.resteasy.resteasy_jaxrs.i18n] (ServerService Thread Pool -- 26) RESTEASY002200: Adding class resource produtos.UsuarioService from Application class config.ApplicationConfig
2016-11-28 09:15:08,012 INFO  [org.jboss.resteasy.resteasy_jaxrs.i18n] (ServerService Thread Pool -- 26) RESTEASY002205: Adding provider class config.CrossOriginFilter from Application class config.ApplicationConfig
2016-11-28 09:15:08,033 INFO  [org.wildfly.extension.undertow] (ServerService Thread Pool -- 26) WFLYUT0021: Registered web context: /api
2016-11-28 09:15:08,141 INFO  [org.jboss.as.server] (DeploymentScanner-threads - 1) WFLYSRV0010: Deployed "CRUD-back-1.0.war" (runtime-name : "CRUD-back-1.0.war")
2016-11-28 09:15:38,369 INFO  [org.hibernate.hql.internal.QueryTranslatorFactoryInitiator] (default task-3) HHH000397: Using ASTQueryTranslatorFactory
2016-11-28 21:11:46,969 INFO  [org.jboss.modules] (main) JBoss Modules version 1.5.2.Final
2016-11-28 21:11:47,430 INFO  [org.jboss.msc] (main) JBoss MSC version 1.2.6.Final
2016-11-28 21:11:47,586 INFO  [org.jboss.as] (MSC service thread 1-7) WFLYSRV0049: WildFly Full 10.1.0.Final (WildFly Core 2.2.0.Final) starting
2016-11-28 21:11:47,589 DEBUG [org.jboss.as.config] (MSC service thread 1-7) Configured system properties:
	awt.toolkit = sun.awt.windows.WToolkit
	file.encoding = Cp1252
	file.encoding.pkg = sun.io
	file.separator = \
	http.nonProxyHosts = localhost,127.0.0.1,note-mangilix
	java.awt.graphicsenv = sun.awt.Win32GraphicsEnvironment
	java.awt.headless = true
	java.awt.printerjob = sun.awt.windows.WPrinterJob
	java.class.path = C:\Users\gabriel\Desktop\wildfly-10.1.0.Final\jboss-modules.jar
	java.class.version = 52.0
	java.endorsed.dirs = C:\Program Files\Java\jdk1.8.0_101\jre\lib\endorsed
	java.ext.dirs = C:\Program Files\Java\jdk1.8.0_101\jre\lib\ext;C:\WINDOWS\Sun\Java\lib\ext
	java.home = C:\Program Files\Java\jdk1.8.0_101\jre
	java.io.tmpdir = C:\Users\gabriel\AppData\Local\Temp\
	java.library.path = C:\Program Files\Java\jdk1.8.0_101\bin;C:\WINDOWS\Sun\Java\bin;C:\WINDOWS\system32;C:\WINDOWS;C:\ProgramData\Oracle\Java\javapath;C:\Program Files (x86)\NVIDIA Corporation\PhysX\Common;C:\WINDOWS\system32;C:\WINDOWS;C:\WINDOWS\System32\Wbem;C:\WINDOWS\System32\WindowsPowerShell\v1.0\;C:\Program Files (x86)\Intel\OpenCL SDK\2.0\bin\x86;C:\Program Files (x86)\Intel\OpenCL SDK\2.0\bin\x64;C:\Program Files (x86)\Microsoft SQL Server\110\Tools\Binn\;C:\Program Files\Microsoft SQL Server\110\Tools\Binn\;C:\Program Files\Microsoft SQL Server\110\DTS\Binn\;C:\Program Files (x86)\Skype\Phone\;C:\Program Files (x86)\Windows Live\Shared;C:\Program Files (x86)\GnuWin32\bin;C:\MinGW\bin;C:\GnuWin32\bin;C:\Program Files\Git\cmd;C:\Program Files\TortoiseGit\bin;C:\Program Files\nodejs\;C:\Program Files (x86)\GnuWin32\bin;C:\MinGW\bin;C:\Users\gabriel\AppData\Local\Microsoft\WindowsApps;C:\Users\gabriel\AppData\Roaming\npm;.
	java.net.preferIPv4Stack = true
	java.runtime.name = Java(TM) SE Runtime Environment
	java.runtime.version = 1.8.0_101-b13
	java.specification.name = Java Platform API Specification
	java.specification.vendor = Oracle Corporation
	java.specification.version = 1.8
	java.util.logging.manager = org.jboss.logmanager.LogManager
	java.vendor = Oracle Corporation
	java.vendor.url = http://java.oracle.com/
	java.vendor.url.bug = http://bugreport.sun.com/bugreport/
	java.version = 1.8.0_101
	java.vm.info = mixed mode
	java.vm.name = Java HotSpot(TM) 64-Bit Server VM
	java.vm.specification.name = Java Virtual Machine Specification
	java.vm.specification.vendor = Oracle Corporation
	java.vm.specification.version = 1.8
	java.vm.vendor = Oracle Corporation
	java.vm.version = 25.101-b13
	javax.management.builder.initial = org.jboss.as.jmx.PluggableMBeanServerBuilder
	javax.xml.datatype.DatatypeFactory = __redirected.__DatatypeFactory
	javax.xml.parsers.DocumentBuilderFactory = __redirected.__DocumentBuilderFactory
	javax.xml.parsers.SAXParserFactory = __redirected.__SAXParserFactory
	javax.xml.stream.XMLEventFactory = __redirected.__XMLEventFactory
	javax.xml.stream.XMLInputFactory = __redirected.__XMLInputFactory
	javax.xml.stream.XMLOutputFactory = __redirected.__XMLOutputFactory
	javax.xml.transform.TransformerFactory = __redirected.__TransformerFactory
	javax.xml.validation.SchemaFactory:http://www.w3.org/2001/XMLSchema = __redirected.__SchemaFactory
	javax.xml.xpath.XPathFactory:http://java.sun.com/jaxp/xpath/dom = __redirected.__XPathFactory
	jboss.home.dir = C:\Users\gabriel\Desktop\wildfly-10.1.0.Final
	jboss.host.name = note-mangilix
	jboss.http.port = 8080
	jboss.management.http.port = 9990
	jboss.modules.dir = C:\Users\gabriel\Desktop\wildfly-10.1.0.Final\modules
	jboss.modules.system.pkgs = org.jboss.byteman
	jboss.node.name = note-mangilix
	jboss.qualified.host.name = note-mangilix
	jboss.server.base.dir = C:\Users\gabriel\Desktop\wildfly-10.1.0.Final\standalone
	jboss.server.config.dir = C:\Users\gabriel\Desktop\wildfly-10.1.0.Final\standalone\configuration
	jboss.server.data.dir = C:\Users\gabriel\Desktop\wildfly-10.1.0.Final\standalone\data
	jboss.server.deploy.dir = C:\Users\gabriel\Desktop\wildfly-10.1.0.Final\standalone\data\content
	jboss.server.log.dir = C:\Users\gabriel\Desktop\wildfly-10.1.0.Final\standalone\log
	jboss.server.name = note-mangilix
	jboss.server.persist.config = true
	jboss.server.temp.dir = C:\Users\gabriel\Desktop\wildfly-10.1.0.Final\standalone\tmp
	line.separator = 

	logging.configuration = file:C:\Users\gabriel\Desktop\wildfly-10.1.0.Final\standalone\configuration/logging.properties
	module.path = C:\Users\gabriel\Desktop\wildfly-10.1.0.Final\modules
	org.jboss.boot.log.file = C:\Users\gabriel\Desktop\wildfly-10.1.0.Final\standalone\log\server.log
	org.jboss.resolver.warning = true
	org.xml.sax.driver = __redirected.__XMLReaderFactory
	os.arch = amd64
	os.name = Windows 10
	os.version = 10.0
	path.separator = ;
	program.name = standalone.bat
	sun.arch.data.model = 64
	sun.boot.class.path = C:\Program Files\Java\jdk1.8.0_101\jre\lib\resources.jar;C:\Program Files\Java\jdk1.8.0_101\jre\lib\rt.jar;C:\Program Files\Java\jdk1.8.0_101\jre\lib\sunrsasign.jar;C:\Program Files\Java\jdk1.8.0_101\jre\lib\jsse.jar;C:\Program Files\Java\jdk1.8.0_101\jre\lib\jce.jar;C:\Program Files\Java\jdk1.8.0_101\jre\lib\charsets.jar;C:\Program Files\Java\jdk1.8.0_101\jre\lib\jfr.jar;C:\Program Files\Java\jdk1.8.0_101\jre\classes
	sun.boot.library.path = C:\Program Files\Java\jdk1.8.0_101\jre\bin
	sun.cpu.endian = little
	sun.cpu.isalist = amd64
	sun.desktop = windows
	sun.io.unicode.encoding = UnicodeLittle
	sun.java.command = C:\Users\gabriel\Desktop\wildfly-10.1.0.Final\jboss-modules.jar -mp C:\Users\gabriel\Desktop\wildfly-10.1.0.Final\modules org.jboss.as.standalone -Djboss.home.dir=C:\Users\gabriel\Desktop\wildfly-10.1.0.Final -c standalone-full.xml
	sun.java.launcher = SUN_STANDARD
	sun.jnu.encoding = Cp1252
	sun.management.compiler = HotSpot 64-Bit Tiered Compilers
	sun.os.patch.level = 
	user.country = BR
	user.dir = C:\Users\gabriel\Desktop\wildfly-10.1.0.Final\bin
	user.home = C:\Users\gabriel
	user.language = pt
	user.name = gabriel
	user.script = 
	user.timezone = America/Sao_Paulo
	user.variant = 
2016-11-28 21:11:47,591 DEBUG [org.jboss.as.config] (MSC service thread 1-7) VM Arguments: -Dprogram.name=standalone.bat -Xms128m -Xmx512m -Dhttp.nonProxyHosts=localhost,127.0.0.1,note-mangilix -Djava.net.preferIPv4Stack=true -Djboss.modules.system.pkgs=org.jboss.byteman -Djava.awt.headless=true -Djboss.management.http.port=9990 -Djboss.http.port=8080 -Dorg.jboss.boot.log.file=C:\Users\gabriel\Desktop\wildfly-10.1.0.Final\standalone\log\server.log -Dlogging.configuration=file:C:\Users\gabriel\Desktop\wildfly-10.1.0.Final\standalone\configuration/logging.properties 
2016-11-28 21:11:50,653 INFO  [org.jboss.as.server.deployment.scanner] (DeploymentScanner-threads - 1) WFLYDS0004: Found CRUD-back-1.0.war in deployment directory. To trigger deployment create a file called CRUD-back-1.0.war.dodeploy
2016-11-28 21:11:50,732 INFO  [org.jboss.as.server] (Controller Boot Thread) WFLYSRV0039: Creating http management service using socket-binding (management-http)
2016-11-28 21:11:50,761 INFO  [org.xnio] (MSC service thread 1-1) XNIO version 3.4.0.Final
2016-11-28 21:11:50,772 INFO  [org.xnio.nio] (MSC service thread 1-1) XNIO NIO Implementation Version 3.4.0.Final
2016-11-28 21:11:50,896 INFO  [org.jboss.as.security] (ServerService Thread Pool -- 59) WFLYSEC0002: Activating Security Subsystem
2016-11-28 21:11:50,896 WARN  [org.jboss.as.txn] (ServerService Thread Pool -- 60) WFLYTX0013: Node identifier property is set to the default value. Please make sure it is unique.
2016-11-28 21:11:50,902 INFO  [org.jboss.as.webservices] (ServerService Thread Pool -- 62) WFLYWS0002: Activating WebServices Extension
2016-11-28 21:11:50,963 INFO  [org.jboss.as.naming] (ServerService Thread Pool -- 52) WFLYNAM0001: Activating Naming Subsystem
2016-11-28 21:11:51,009 INFO  [org.jboss.as.jsf] (ServerService Thread Pool -- 48) WFLYJSF0007: Activated the following JSF Implementations: [main]
2016-11-28 21:11:51,033 INFO  [org.jboss.as.clustering.infinispan] (ServerService Thread Pool -- 41) WFLYCLINF0001: Activating Infinispan subsystem.
2016-11-28 21:11:51,305 INFO  [org.wildfly.iiop.openjdk] (ServerService Thread Pool -- 42) WFLYIIOP0001: Activating IIOP Subsystem
2016-11-28 21:11:51,367 INFO  [org.jboss.as.security] (MSC service thread 1-2) WFLYSEC0001: Current PicketBox version=4.9.6.Final
2016-11-28 21:11:51,373 INFO  [org.wildfly.extension.io] (ServerService Thread Pool -- 40) WFLYIO001: Worker 'default' has auto-configured to 8 core threads with 64 task threads based on your 4 available processors
2016-11-28 21:11:51,449 INFO  [org.wildfly.extension.undertow] (MSC service thread 1-8) WFLYUT0003: Undertow 1.4.0.Final starting
2016-11-28 21:11:51,501 INFO  [org.jboss.as.connector] (MSC service thread 1-5) WFLYJCA0009: Starting JCA Subsystem (WildFly/IronJacamar 1.3.4.Final)
2016-11-28 21:11:51,614 INFO  [org.jboss.as.naming] (MSC service thread 1-2) WFLYNAM0003: Starting Naming Service
2016-11-28 21:11:51,616 INFO  [org.jboss.as.mail.extension] (MSC service thread 1-2) WFLYMAIL0001: Bound mail session [java:jboss/mail/Default]
2016-11-28 21:11:51,745 INFO  [org.jboss.as.connector.subsystems.datasources] (ServerService Thread Pool -- 36) WFLYJCA0004: Deploying JDBC-compliant driver class org.h2.Driver (version 1.3)
2016-11-28 21:11:51,799 INFO  [org.jboss.as.connector.deployers.jdbc] (MSC service thread 1-7) WFLYJCA0018: Started Driver service with driver-name = h2
2016-11-28 21:11:51,874 INFO  [org.jboss.as.connector.subsystems.datasources] (ServerService Thread Pool -- 36) WFLYJCA0005: Deploying non-JDBC-compliant driver class org.postgresql.Driver (version 9.3)
2016-11-28 21:11:51,875 INFO  [org.jboss.as.connector.deployers.jdbc] (MSC service thread 1-7) WFLYJCA0018: Started Driver service with driver-name = postgresql
2016-11-28 21:11:52,046 INFO  [org.wildfly.extension.undertow] (ServerService Thread Pool -- 61) WFLYUT0014: Creating file handler for path 'C:\Users\gabriel\Desktop\wildfly-10.1.0.Final/welcome-content' with options [directory-listing: 'false', follow-symlink: 'false', case-sensitive: 'true', safe-symlink-paths: '[]']
2016-11-28 21:11:52,478 INFO  [org.jboss.as.ejb3] (MSC service thread 1-7) WFLYEJB0481: Strict pool slsb-strict-max-pool is using a max instance size of 64 (per class), which is derived from thread worker pool sizing.
2016-11-28 21:11:52,483 INFO  [org.jboss.as.ejb3] (MSC service thread 1-8) WFLYEJB0482: Strict pool mdb-strict-max-pool is using a max instance size of 16 (per class), which is derived from the number of CPUs on this host.
2016-11-28 21:11:53,292 INFO  [org.wildfly.extension.undertow] (MSC service thread 1-3) WFLYUT0012: Started server default-server.
2016-11-28 21:11:53,312 INFO  [org.wildfly.extension.undertow] (MSC service thread 1-3) WFLYUT0018: Host default-host starting
2016-11-28 21:11:53,337 INFO  [org.jboss.remoting] (MSC service thread 1-1) JBoss Remoting version 4.0.21.Final
2016-11-28 21:11:53,707 WARN  [org.jboss.as.domain.management.security] (MSC service thread 1-7) WFLYDM0111: Keystore C:\Users\gabriel\Desktop\wildfly-10.1.0.Final\standalone\configuration\application.keystore not found, it will be auto generated on first use with a self signed certificate for host localhost
2016-11-28 21:11:53,761 INFO  [org.wildfly.extension.undertow] (MSC service thread 1-3) WFLYUT0006: Undertow HTTP listener default listening on 127.0.0.1:8080
2016-11-28 21:11:54,009 INFO  [org.jboss.as.server.deployment.scanner] (MSC service thread 1-7) WFLYDS0013: Started FileSystemDeploymentService for directory C:\Users\gabriel\Desktop\wildfly-10.1.0.Final\standalone\deployments
2016-11-28 21:11:54,090 INFO  [org.jboss.as.server.deployment] (MSC service thread 1-7) WFLYSRV0027: Starting deployment of "CRUD-back-1.0.war" (runtime-name: "CRUD-back-1.0.war")
2016-11-28 21:11:54,277 INFO  [org.wildfly.extension.messaging-activemq] (MSC service thread 1-7) WFLYMSGAMQ0001: AIO wasn't located on this platform, it will fall back to using pure Java NIO.
2016-11-28 21:11:54,428 INFO  [org.infinispan.factories.GlobalComponentRegistry] (MSC service thread 1-2) ISPN000128: Infinispan version: Infinispan 'Chakra' 8.2.4.Final
2016-11-28 21:11:54,576 INFO  [org.infinispan.configuration.cache.EvictionConfigurationBuilder] (ServerService Thread Pool -- 70) ISPN000152: Passivation configured without an eviction policy being selected. Only manually evicted entities will be passivated.
2016-11-28 21:11:54,578 INFO  [org.infinispan.configuration.cache.EvictionConfigurationBuilder] (ServerService Thread Pool -- 70) ISPN000152: Passivation configured without an eviction policy being selected. Only manually evicted entities will be passivated.
2016-11-28 21:11:54,582 INFO  [org.infinispan.configuration.cache.EvictionConfigurationBuilder] (ServerService Thread Pool -- 66) ISPN000152: Passivation configured without an eviction policy being selected. Only manually evicted entities will be passivated.
2016-11-28 21:11:54,584 INFO  [org.infinispan.configuration.cache.EvictionConfigurationBuilder] (ServerService Thread Pool -- 66) ISPN000152: Passivation configured without an eviction policy being selected. Only manually evicted entities will be passivated.
2016-11-28 21:11:54,585 INFO  [org.infinispan.configuration.cache.EvictionConfigurationBuilder] (ServerService Thread Pool -- 68) ISPN000152: Passivation configured without an eviction policy being selected. Only manually evicted entities will be passivated.
2016-11-28 21:11:54,587 INFO  [org.infinispan.configuration.cache.EvictionConfigurationBuilder] (ServerService Thread Pool -- 68) ISPN000152: Passivation configured without an eviction policy being selected. Only manually evicted entities will be passivated.
2016-11-28 21:11:54,719 INFO  [org.apache.activemq.artemis.core.server] (ServerService Thread Pool -- 65) AMQ221000: live Message Broker is starting with configuration Broker Configuration (clustered=false,journalDirectory=C:\Users\gabriel\Desktop\wildfly-10.1.0.Final\standalone\data\activemq\journal,bindingsDirectory=C:\Users\gabriel\Desktop\wildfly-10.1.0.Final\standalone\data\activemq\bindings,largeMessagesDirectory=C:\Users\gabriel\Desktop\wildfly-10.1.0.Final\standalone\data\activemq\largemessages,pagingDirectory=C:\Users\gabriel\Desktop\wildfly-10.1.0.Final\standalone\data\activemq\paging)
2016-11-28 21:11:54,741 INFO  [org.jboss.as.connector.subsystems.datasources] (MSC service thread 1-2) WFLYJCA0001: Bound data source [java:jboss/datasources/ExampleDS]
2016-11-28 21:11:55,060 INFO  [org.jboss.as.connector.subsystems.datasources] (MSC service thread 1-6) WFLYJCA0001: Bound data source [java:jboss/CrudDS]
2016-11-28 21:11:55,066 INFO  [org.wildfly.extension.undertow] (MSC service thread 1-4) WFLYUT0006: Undertow HTTPS listener https listening on 127.0.0.1:8443
2016-11-28 21:11:55,134 INFO  [org.apache.activemq.artemis.core.server] (ServerService Thread Pool -- 65) AMQ221013: Using NIO Journal
2016-11-28 21:11:55,295 INFO  [org.wildfly.iiop.openjdk] (MSC service thread 1-1) WFLYIIOP0009: CORBA ORB Service started
2016-11-28 21:11:55,442 INFO  [org.jboss.ws.common.management] (MSC service thread 1-4) JBWS022052: Starting JBossWS 5.1.5.Final (Apache CXF 3.1.6) 
2016-11-28 21:11:55,843 INFO  [org.apache.activemq.artemis.core.server] (ServerService Thread Pool -- 65) AMQ221043: Protocol module found: [artemis-server]. Adding protocol support for: CORE
2016-11-28 21:11:55,852 INFO  [org.jboss.as.jpa] (MSC service thread 1-4) WFLYJPA0002: Read persistence.xml for ProdutosPU
2016-11-28 21:11:55,869 INFO  [org.apache.activemq.artemis.core.server] (ServerService Thread Pool -- 65) AMQ221043: Protocol module found: [artemis-amqp-protocol]. Adding protocol support for: AMQP
2016-11-28 21:11:55,917 INFO  [org.apache.activemq.artemis.core.server] (ServerService Thread Pool -- 65) AMQ221043: Protocol module found: [artemis-hornetq-protocol]. Adding protocol support for: HORNETQ
2016-11-28 21:11:55,986 INFO  [org.apache.activemq.artemis.core.server] (ServerService Thread Pool -- 65) AMQ221043: Protocol module found: [artemis-stomp-protocol]. Adding protocol support for: STOMP
2016-11-28 21:11:56,256 INFO  [org.jboss.as.jpa] (ServerService Thread Pool -- 69) WFLYJPA0010: Starting Persistence Unit (phase 1 of 2) Service 'CRUD-back-1.0.war#ProdutosPU'
2016-11-28 21:11:56,301 INFO  [org.hibernate.jpa.internal.util.LogHelper] (ServerService Thread Pool -- 69) HHH000204: Processing PersistenceUnitInfo [
	name: ProdutosPU
	...]
2016-11-28 21:11:56,414 INFO  [org.jboss.weld.deployer] (MSC service thread 1-3) WFLYWELD0003: Processing weld deployment CRUD-back-1.0.war
2016-11-28 21:11:56,554 INFO  [org.wildfly.extension.messaging-activemq] (MSC service thread 1-2) WFLYMSGAMQ0016: Registered HTTP upgrade for activemq-remoting protocol handled by http-acceptor-throughput acceptor
2016-11-28 21:11:56,556 INFO  [org.wildfly.extension.messaging-activemq] (MSC service thread 1-6) WFLYMSGAMQ0016: Registered HTTP upgrade for activemq-remoting protocol handled by http-acceptor-throughput acceptor
2016-11-28 21:11:56,557 INFO  [org.wildfly.extension.messaging-activemq] (MSC service thread 1-1) WFLYMSGAMQ0016: Registered HTTP upgrade for activemq-remoting protocol handled by http-acceptor acceptor
2016-11-28 21:11:56,573 INFO  [org.wildfly.extension.messaging-activemq] (MSC service thread 1-4) WFLYMSGAMQ0016: Registered HTTP upgrade for activemq-remoting protocol handled by http-acceptor acceptor
2016-11-28 21:11:56,689 INFO  [org.hibernate.Version] (ServerService Thread Pool -- 69) HHH000412: Hibernate Core {5.0.10.Final}
2016-11-28 21:11:56,691 INFO  [org.hibernate.cfg.Environment] (ServerService Thread Pool -- 69) HHH000206: hibernate.properties not found
2016-11-28 21:11:56,694 INFO  [org.hibernate.cfg.Environment] (ServerService Thread Pool -- 69) HHH000021: Bytecode provider name : javassist
2016-11-28 21:11:56,757 INFO  [org.hibernate.validator.internal.util.Version] (MSC service thread 1-3) HV000001: Hibernate Validator 5.2.4.Final
2016-11-28 21:11:56,787 INFO  [org.hibernate.annotations.common.Version] (ServerService Thread Pool -- 69) HCANN000001: Hibernate Commons Annotations {5.0.1.Final}
2016-11-28 21:11:56,834 INFO  [org.apache.activemq.artemis.core.server] (ServerService Thread Pool -- 65) AMQ221007: Server is now live
2016-11-28 21:11:56,834 INFO  [org.apache.activemq.artemis.core.server] (ServerService Thread Pool -- 65) AMQ221001: Apache ActiveMQ Artemis Message Broker version 1.1.0.wildfly-017 [nodeID=3cf04bfc-b382-11e6-b4ba-d56dc0324874] 
2016-11-28 21:11:56,840 INFO  [org.apache.activemq.artemis.core.server] (ServerService Thread Pool -- 68) AMQ221003: trying to deploy queue jms.queue.DLQ
2016-11-28 21:11:56,880 INFO  [org.apache.activemq.artemis.core.server] (ServerService Thread Pool -- 65) AMQ221003: trying to deploy queue jms.queue.ExpiryQueue
2016-11-28 21:11:56,925 INFO  [org.wildfly.extension.messaging-activemq] (ServerService Thread Pool -- 67) WFLYMSGAMQ0002: Bound messaging object to jndi name java:jboss/exported/jms/RemoteConnectionFactory
2016-11-28 21:11:56,947 INFO  [org.wildfly.extension.messaging-activemq] (ServerService Thread Pool -- 66) WFLYMSGAMQ0002: Bound messaging object to jndi name java:/ConnectionFactory
2016-11-28 21:11:56,976 INFO  [org.jboss.as.ejb3.deployment] (MSC service thread 1-3) WFLYEJB0473: JNDI bindings for session bean named 'UsuarioService' in deployment unit 'deployment "CRUD-back-1.0.war"' are as follows:

	java:global/CRUD-back-1.0/UsuarioService!produtos.UsuarioService
	java:app/CRUD-back-1.0/UsuarioService!produtos.UsuarioService
	java:module/UsuarioService!produtos.UsuarioService
	java:global/CRUD-back-1.0/UsuarioService
	java:app/CRUD-back-1.0/UsuarioService
	java:module/UsuarioService

2016-11-28 21:11:57,073 INFO  [org.jboss.as.connector.deployment] (MSC service thread 1-8) WFLYJCA0007: Registered connection factory java:/JmsXA
2016-11-28 21:11:57,413 INFO  [org.apache.activemq.artemis.ra] (MSC service thread 1-8) Resource adaptor started
2016-11-28 21:11:57,413 INFO  [org.jboss.as.connector.services.resourceadapters.ResourceAdapterActivatorService$ResourceAdapterActivator] (MSC service thread 1-8) IJ020002: Deployed: file://RaActivatoractivemq-ra
2016-11-28 21:11:57,416 INFO  [org.wildfly.extension.messaging-activemq] (MSC service thread 1-7) WFLYMSGAMQ0002: Bound messaging object to jndi name java:jboss/DefaultJMSConnectionFactory
2016-11-28 21:11:57,416 INFO  [org.jboss.as.connector.deployment] (MSC service thread 1-4) WFLYJCA0002: Bound JCA ConnectionFactory [java:/JmsXA]
2016-11-28 21:11:57,736 INFO  [org.infinispan.configuration.cache.EvictionConfigurationBuilder] (ServerService Thread Pool -- 66) ISPN000152: Passivation configured without an eviction policy being selected. Only manually evicted entities will be passivated.
2016-11-28 21:11:57,737 INFO  [org.infinispan.configuration.cache.EvictionConfigurationBuilder] (ServerService Thread Pool -- 66) ISPN000152: Passivation configured without an eviction policy being selected. Only manually evicted entities will be passivated.
2016-11-28 21:11:57,969 INFO  [org.jboss.weld.Version] (MSC service thread 1-6) WELD-000900: 2.3.5 (Final)
2016-11-28 21:11:58,533 INFO  [org.jboss.as.jpa] (ServerService Thread Pool -- 69) WFLYJPA0010: Starting Persistence Unit (phase 2 of 2) Service 'CRUD-back-1.0.war#ProdutosPU'
2016-11-28 21:11:58,643 INFO  [org.jboss.as.clustering.infinispan] (ServerService Thread Pool -- 66) WFLYCLINF0002: Started client-mappings cache from ejb container
2016-11-28 21:11:59,184 WARN  [org.jboss.jca.core.connectionmanager.pool.strategy.OnePool] (ServerService Thread Pool -- 69) IJ000407: No lazy enlistment available for CrudDSPOOL
2016-11-28 21:11:59,213 INFO  [org.hibernate.dialect.Dialect] (ServerService Thread Pool -- 69) HHH000400: Using dialect: org.hibernate.dialect.PostgreSQL94Dialect
2016-11-28 21:11:59,662 INFO  [org.hibernate.engine.jdbc.env.internal.LobCreatorBuilderImpl] (ServerService Thread Pool -- 69) HHH000424: Disabling contextual LOB creation as createClob() method threw error : java.lang.reflect.InvocationTargetException
2016-11-28 21:11:59,666 INFO  [org.hibernate.type.BasicTypeRegistry] (ServerService Thread Pool -- 69) HHH000270: Type registration [java.util.UUID] overrides previous : org.hibernate.type.UUIDBinaryType@1c59d87a
2016-11-28 21:11:59,683 INFO  [org.hibernate.envers.boot.internal.EnversServiceImpl] (ServerService Thread Pool -- 69) Envers integration enabled? : true
2016-11-28 21:12:02,599 INFO  [org.jboss.resteasy.resteasy_jaxrs.i18n] (ServerService Thread Pool -- 67) RESTEASY002225: Deploying javax.ws.rs.core.Application: class config.ApplicationConfig
2016-11-28 21:12:02,599 INFO  [org.jboss.resteasy.resteasy_jaxrs.i18n] (ServerService Thread Pool -- 67) RESTEASY002200: Adding class resource produtos.UsuarioService from Application class config.ApplicationConfig
2016-11-28 21:12:02,599 INFO  [org.jboss.resteasy.resteasy_jaxrs.i18n] (ServerService Thread Pool -- 67) RESTEASY002205: Adding provider class config.CrossOriginFilter from Application class config.ApplicationConfig
2016-11-28 21:12:02,678 INFO  [org.wildfly.extension.undertow] (ServerService Thread Pool -- 67) WFLYUT0021: Registered web context: /api
2016-11-28 21:12:02,727 INFO  [org.jboss.as.server] (ServerService Thread Pool -- 37) WFLYSRV0010: Deployed "CRUD-back-1.0.war" (runtime-name : "CRUD-back-1.0.war")
2016-11-28 21:12:03,181 INFO  [org.jboss.as] (Controller Boot Thread) WFLYSRV0060: Http management interface listening on http://127.0.0.1:9990/management
2016-11-28 21:12:03,182 INFO  [org.jboss.as] (Controller Boot Thread) WFLYSRV0051: Admin console listening on http://127.0.0.1:9990
2016-11-28 21:12:03,183 INFO  [org.jboss.as] (Controller Boot Thread) WFLYSRV0025: WildFly Full 10.1.0.Final (WildFly Core 2.2.0.Final) started in 16828ms - Started 507 of 742 services (420 services are lazy, passive or on-demand)
2016-11-28 21:12:05,811 INFO  [org.wildfly.extension.undertow] (ServerService Thread Pool -- 18) WFLYUT0022: Unregistered web context: /api
2016-11-28 21:12:06,212 INFO  [org.jboss.as.jpa] (ServerService Thread Pool -- 19) WFLYJPA0011: Stopping Persistence Unit (phase 2 of 2) Service 'CRUD-back-1.0.war#ProdutosPU'
2016-11-28 21:12:06,239 INFO  [org.jboss.as.jpa] (ServerService Thread Pool -- 19) WFLYJPA0011: Stopping Persistence Unit (phase 1 of 2) Service 'CRUD-back-1.0.war#ProdutosPU'
2016-11-28 21:12:06,410 INFO  [org.jboss.as.clustering.infinispan] (ServerService Thread Pool -- 19) WFLYCLINF0003: Stopped client-mappings cache from ejb container
2016-11-28 21:12:06,415 INFO  [org.jboss.as.server.deployment] (MSC service thread 1-5) WFLYSRV0028: Stopped deployment CRUD-back-1.0.war (runtime-name: CRUD-back-1.0.war) in 654ms
2016-11-28 21:12:06,621 WARN  [org.jboss.as.controller] (management-handler-thread - 3) WFLYCTL0357: Notification of type deployment-undeployed is not described for the resource at the address []
2016-11-28 21:12:06,624 INFO  [org.jboss.as.server] (management-handler-thread - 3) WFLYSRV0009: Undeployed "CRUD-back-1.0.war" (runtime-name: "CRUD-back-1.0.war")
2016-11-28 21:12:07,890 INFO  [org.jboss.as.server.deployment.scanner] (DeploymentScanner-threads - 1) WFLYDS0004: Found CRUD-back-1.0.war in deployment directory. To trigger deployment create a file called CRUD-back-1.0.war.dodeploy
2016-11-28 21:12:07,932 INFO  [org.jboss.as.server.deployment] (MSC service thread 1-8) WFLYSRV0027: Starting deployment of "CRUD-back-1.0.war" (runtime-name: "CRUD-back-1.0.war")
2016-11-28 21:12:08,021 INFO  [org.jboss.as.jpa] (MSC service thread 1-7) WFLYJPA0002: Read persistence.xml for ProdutosPU
2016-11-28 21:12:08,136 INFO  [org.jboss.as.jpa] (ServerService Thread Pool -- 19) WFLYJPA0010: Starting Persistence Unit (phase 1 of 2) Service 'CRUD-back-1.0.war#ProdutosPU'
2016-11-28 21:12:08,136 INFO  [org.hibernate.jpa.internal.util.LogHelper] (ServerService Thread Pool -- 19) HHH000204: Processing PersistenceUnitInfo [
	name: ProdutosPU
	...]
2016-11-28 21:12:08,150 INFO  [org.jboss.weld.deployer] (MSC service thread 1-6) WFLYWELD0003: Processing weld deployment CRUD-back-1.0.war
2016-11-28 21:12:08,208 INFO  [org.jboss.as.ejb3.deployment] (MSC service thread 1-6) WFLYEJB0473: JNDI bindings for session bean named 'UsuarioService' in deployment unit 'deployment "CRUD-back-1.0.war"' are as follows:

	java:global/CRUD-back-1.0/UsuarioService!produtos.UsuarioService
	java:app/CRUD-back-1.0/UsuarioService!produtos.UsuarioService
	java:module/UsuarioService!produtos.UsuarioService
	java:global/CRUD-back-1.0/UsuarioService
	java:app/CRUD-back-1.0/UsuarioService
	java:module/UsuarioService

2016-11-28 21:12:08,323 INFO  [org.infinispan.configuration.cache.EvictionConfigurationBuilder] (ServerService Thread Pool -- 19) ISPN000152: Passivation configured without an eviction policy being selected. Only manually evicted entities will be passivated.
2016-11-28 21:12:08,324 INFO  [org.infinispan.configuration.cache.EvictionConfigurationBuilder] (ServerService Thread Pool -- 19) ISPN000152: Passivation configured without an eviction policy being selected. Only manually evicted entities will be passivated.
2016-11-28 21:12:08,340 INFO  [org.jboss.as.clustering.infinispan] (ServerService Thread Pool -- 19) WFLYCLINF0002: Started client-mappings cache from ejb container
2016-11-28 21:12:08,374 INFO  [org.jboss.as.jpa] (ServerService Thread Pool -- 19) WFLYJPA0010: Starting Persistence Unit (phase 2 of 2) Service 'CRUD-back-1.0.war#ProdutosPU'
2016-11-28 21:12:08,377 INFO  [org.hibernate.dialect.Dialect] (ServerService Thread Pool -- 19) HHH000400: Using dialect: org.hibernate.dialect.PostgreSQL94Dialect
2016-11-28 21:12:08,395 INFO  [org.hibernate.engine.jdbc.env.internal.LobCreatorBuilderImpl] (ServerService Thread Pool -- 19) HHH000424: Disabling contextual LOB creation as createClob() method threw error : java.lang.reflect.InvocationTargetException
2016-11-28 21:12:08,396 INFO  [org.hibernate.type.BasicTypeRegistry] (ServerService Thread Pool -- 19) HHH000270: Type registration [java.util.UUID] overrides previous : org.hibernate.type.UUIDBinaryType@1c59d87a
2016-11-28 21:12:08,399 INFO  [org.hibernate.envers.boot.internal.EnversServiceImpl] (ServerService Thread Pool -- 19) Envers integration enabled? : true
2016-11-28 21:12:09,072 INFO  [org.jboss.resteasy.resteasy_jaxrs.i18n] (ServerService Thread Pool -- 16) RESTEASY002225: Deploying javax.ws.rs.core.Application: class config.ApplicationConfig
2016-11-28 21:12:09,072 INFO  [org.jboss.resteasy.resteasy_jaxrs.i18n] (ServerService Thread Pool -- 16) RESTEASY002205: Adding provider class config.CrossOriginFilter from Application class config.ApplicationConfig
2016-11-28 21:12:09,073 INFO  [org.jboss.resteasy.resteasy_jaxrs.i18n] (ServerService Thread Pool -- 16) RESTEASY002200: Adding class resource produtos.UsuarioService from Application class config.ApplicationConfig
2016-11-28 21:12:09,089 INFO  [org.wildfly.extension.undertow] (ServerService Thread Pool -- 16) WFLYUT0021: Registered web context: /api
2016-11-28 21:12:09,205 INFO  [org.jboss.as.server] (DeploymentScanner-threads - 2) WFLYSRV0010: Deployed "CRUD-back-1.0.war" (runtime-name : "CRUD-back-1.0.war")
2016-11-28 21:13:45,376 INFO  [org.hibernate.hql.internal.QueryTranslatorFactoryInitiator] (default task-3) HHH000397: Using ASTQueryTranslatorFactory
